2026-02-02T02:18:11.1356206Z,Updating submodules.,2e76395d-b11e-49e7-812f-a9170780e367,0
2026-02-02T02:18:12.3373964Z,Preparing deployment for commit id '4f4efc43-f'.,60dcd238-cf41-4e21-96da-ab7ba63b4a2a,0
2026-02-02T02:18:12.7492557Z,PreDeployment: context.CleanOutputPath False,1dcb97c7-52bd-4706-8630-159e72e02b00,0
2026-02-02T02:18:13.2343674Z,PreDeployment: context.OutputPath /home/site/wwwroot,6f8ecc3a-c287-4eae-963a-b5e6af7eb9ab,0
2026-02-02T02:18:13.4511669Z,Generating deployment script.,b8395a96-1182-4321-8d90-f645f222c2be,0
2026-02-02T02:18:13.5699916Z,Running deployment command...,1e1859e6-eb0e-49c2-bcab-b43b56b7cb45,0
	2026-02-02T02:18:13.5756517Z,Command: /opt/Kudu/Scripts/parallel_rsync.sh /tmp/zipdeploy/extracted /home/site/wwwroot 8 /tmp/ False True  ,,0
	2026-02-02T02:18:13.7407876Z,Run rsync from: /tmp/zipdeploy/extracted/ to: /home/site/wwwroot/ in 8 parallel threads,,0
	2026-02-02T02:18:13.7886016Z,Delete options: clean=False&comma; use manifest=True&comma; directory to ignore=,,0
	2026-02-02T02:18:13.8527875Z,Prev manifest = /opt/Kudu/Scripts/firstDeploymentManifest and next /home/site/deployments/4f4efc43-f5ba-4d30-8513-bcba2c515680/manifest,,0
	2026-02-02T02:18:13.9017819Z,Cleaning up /tmp//filelist.txt and /tmp//splits,,0
	2026-02-02T02:18:13.9614319Z,Creating a list of all files at /tmp//filelist.txt,,0
	2026-02-02T02:18:14.1025095Z,No directory to exclude.,,0
	2026-02-02T02:18:14.2959122Z,Created /tmp//filelist.txt. Total number of files to be synced = 52.,,0
	2026-02-02T02:18:14.4650612Z,Created batches from the list of files. Processing 7 files in each thread,,0
	2026-02-02T02:18:14.6019352Z,Running rsync for filelist /tmp//splits/split.ab from /tmp/zipdeploy/extracted/ to /home/site/wwwroot/,,0
	2026-02-02T02:18:14.6709283Z,Running rsync for filelist /tmp//splits/split.ac from /tmp/zipdeploy/extracted/ to /home/site/wwwroot/,,0
	2026-02-02T02:18:14.7622902Z,Running rsync for filelist /tmp//splits/split.aa from /tmp/zipdeploy/extracted/ to /home/site/wwwroot/,,0
	2026-02-02T02:18:14.8011666Z,Running rsync for filelist /tmp//splits/split.ae from /tmp/zipdeploy/extracted/ to /home/site/wwwroot/,,0
	2026-02-02T02:18:14.8428754Z,Running rsync for filelist /tmp//splits/split.ad from /tmp/zipdeploy/extracted/ to /home/site/wwwroot/,,0
	2026-02-02T02:18:14.8727179Z,Running rsync for filelist /tmp//splits/split.ag from /tmp/zipdeploy/extracted/ to /home/site/wwwroot/,,0
	2026-02-02T02:18:14.8815956Z,Running rsync for filelist /tmp//splits/split.af from /tmp/zipdeploy/extracted/ to /home/site/wwwroot/,,0
	2026-02-02T02:18:14.9235671Z,Running rsync for filelist /tmp//splits/split.ah from /tmp/zipdeploy/extracted/ to /home/site/wwwroot/,,0
	2026-02-02T02:18:15.1277614Z,,,0
	2026-02-02T02:18:15.1895342Z,Number of files: 5 (reg: 3&comma; dir: 2),,0
	2026-02-02T02:18:15.2393610Z,Number of created files: 4 (reg: 3&comma; dir: 1),,0
	2026-02-02T02:18:15.2904547Z,Number of deleted files: 0,,0
	2026-02-02T02:18:15.3315255Z,Number of regular files transferred: 3,,0
	2026-02-02T02:18:15.3498291Z,Total file size: 10.83K bytes,,0
	2026-02-02T02:18:15.3872141Z,Total transferred file size: 10.83K bytes,,0
	2026-02-02T02:18:15.4325217Z,Literal data: 10.83K bytes,,0
	2026-02-02T02:18:15.4826031Z,Matched data: 0 bytes,,0
	2026-02-02T02:18:15.5308004Z,File list size: 0,,0
	2026-02-02T02:18:15.5638609Z,File list generation time: 0.001 seconds,,0
	2026-02-02T02:18:15.5958826Z,File list transfer time: 0.000 seconds,,0
	2026-02-02T02:18:15.6196614Z,Total bytes sent: 1.97K,,0
	2026-02-02T02:18:15.6383207Z,Total bytes received: 79,,0
	2026-02-02T02:18:15.6633072Z,,,0
	2026-02-02T02:18:15.6921822Z,sent 1.97K bytes  received 79 bytes  1.36K bytes/sec,,0
	2026-02-02T02:18:15.7541859Z,total size is 10.83K  speedup is 5.29,,0
	2026-02-02T02:18:15.8764252Z,Attempt 1: Rsync for filelist /tmp//splits/split.ah completed with exit code 0,,0
	2026-02-02T02:18:15.9058071Z,,,0
	2026-02-02T02:18:15.9434626Z,Number of files: 10 (reg: 7&comma; dir: 3),,0
	2026-02-02T02:18:15.9831811Z,Number of created files: 8 (reg: 7&comma; dir: 1),,0
	2026-02-02T02:18:16.0044529Z,Number of deleted files: 0,,0
	2026-02-02T02:18:16.0166275Z,Number of regular files transferred: 7,,0
	2026-02-02T02:18:16.1028023Z,Total file size: 20.50K bytes,,0
	2026-02-02T02:18:16.1511772Z,Total transferred file size: 20.50K bytes,,0
	2026-02-02T02:18:16.2000871Z,Literal data: 20.50K bytes,,0
	2026-02-02T02:18:16.2242195Z,Matched data: 0 bytes,,0
	2026-02-02T02:18:16.2441287Z,File list size: 0,,0
	2026-02-02T02:18:16.2558804Z,File list generation time: 0.009 seconds,,0
	2026-02-02T02:18:16.2799112Z,File list transfer time: 0.000 seconds,,0
	2026-02-02T02:18:16.2934757Z,Total bytes sent: 6.54K,,0
	2026-02-02T02:18:16.3198728Z,Total bytes received: 158,,0
	2026-02-02T02:18:16.3317427Z,,,0
	2026-02-02T02:18:16.3388886Z,sent 6.54K bytes  received 158 bytes  4.47K bytes/sec,,0
	2026-02-02T02:18:16.3476519Z,total size is 20.50K  speedup is 3.06,,0
	2026-02-02T02:18:16.3542503Z,Attempt 1: Rsync for filelist /tmp//splits/split.ab completed with exit code 0,,0
	2026-02-02T02:18:16.3604132Z,,,0
	2026-02-02T02:18:16.3685379Z,Number of files: 10 (reg: 7&comma; dir: 3),,0
	2026-02-02T02:18:16.3760603Z,Number of created files: 9 (reg: 7&comma; dir: 2),,0
	2026-02-02T02:18:16.3831967Z,Number of deleted files: 0,,0
	2026-02-02T02:18:16.3901014Z,Number of regular files transferred: 7,,0
	2026-02-02T02:18:16.4084088Z,Total file size: 31.16K bytes,,0
	2026-02-02T02:18:16.4228384Z,Total transferred file size: 31.16K bytes,,0
	2026-02-02T02:18:16.4311417Z,Literal data: 31.16K bytes,,0
	2026-02-02T02:18:16.4392322Z,Matched data: 0 bytes,,0
	2026-02-02T02:18:16.4460993Z,File list size: 0,,0
	2026-02-02T02:18:16.4774136Z,File list generation time: 0.001 seconds,,0
	2026-02-02T02:18:16.4842397Z,File list transfer time: 0.000 seconds,,0
	2026-02-02T02:18:16.4912835Z,Total bytes sent: 7.71K,,0
	2026-02-02T02:18:16.5166566Z,Total bytes received: 158,,0
	2026-02-02T02:18:16.5231356Z,,,0
	2026-02-02T02:18:16.5318616Z,sent 7.71K bytes  received 158 bytes  5.24K bytes/sec,,0
	2026-02-02T02:18:16.5386764Z,total size is 31.16K  speedup is 3.96,,0
	2026-02-02T02:18:16.5452441Z,,,0
	2026-02-02T02:18:16.5520380Z,Number of files: 9 (reg: 7&comma; dir: 2),,0
	2026-02-02T02:18:16.5579933Z,Number of created files: 7 (reg: 7),,0
	2026-02-02T02:18:16.5650577Z,Number of deleted files: 0,,0
	2026-02-02T02:18:16.5718208Z,Number of regular files transferred: 7,,0
	2026-02-02T02:18:16.5783513Z,Total file size: 11.30K bytes,,0
	2026-02-02T02:18:16.5867356Z,Total transferred file size: 11.30K bytes,,0
	2026-02-02T02:18:16.5953854Z,Literal data: 11.30K bytes,,0
	2026-02-02T02:18:16.6140858Z,Matched data: 0 bytes,,0
	2026-02-02T02:18:16.6217059Z,File list size: 0,,0
	2026-02-02T02:18:16.6390114Z,File list generation time: 0.001 seconds,,0
	2026-02-02T02:18:16.6456685Z,File list transfer time: 0.000 seconds,,0
	2026-02-02T02:18:16.6532289Z,Total bytes sent: 4.09K,,0
	2026-02-02T02:18:16.6614090Z,Total bytes received: 155,,0
	2026-02-02T02:18:16.6681538Z,,,0
	2026-02-02T02:18:16.6747987Z,sent 4.09K bytes  received 155 bytes  2.83K bytes/sec,,0
	2026-02-02T02:18:16.6955812Z,total size is 11.30K  speedup is 2.66,,0
	2026-02-02T02:18:16.7159385Z,,,0
	2026-02-02T02:18:16.7309957Z,Number of files: 11 (reg: 7&comma; dir: 4),,0
	2026-02-02T02:18:16.7392431Z,Number of created files: 11 (reg: 7&comma; dir: 4),,0
	2026-02-02T02:18:16.7526047Z,Number of deleted files: 0,,0
	2026-02-02T02:18:16.7600736Z,Number of regular files transferred: 7,,0
	2026-02-02T02:18:16.7730363Z,Total file size: 362.64K bytes,,0
	2026-02-02T02:18:16.7792128Z,Total transferred file size: 362.64K bytes,,0
	2026-02-02T02:18:16.7860514Z,Literal data: 362.64K bytes,,0
	2026-02-02T02:18:16.7927064Z,Matched data: 0 bytes,,0
	2026-02-02T02:18:16.8057890Z,File list size: 0,,0
	2026-02-02T02:18:16.8226616Z,File list generation time: 0.001 seconds,,0
	2026-02-02T02:18:16.8332338Z,File list transfer time: 0.000 seconds,,0
	2026-02-02T02:18:16.8455562Z,Total bytes sent: 75.85K,,0
	2026-02-02T02:18:16.8543492Z,Total bytes received: 161,,0
	2026-02-02T02:18:16.8614330Z,,,0
	2026-02-02T02:18:16.8681683Z,sent 75.85K bytes  received 161 bytes  50.67K bytes/sec,,0
	2026-02-02T02:18:16.8763068Z,total size is 362.64K  speedup is 4.77,,0
	2026-02-02T02:18:16.8816005Z,Attempt 1: Rsync for filelist /tmp//splits/split.aa completed with exit code 0,,0
	2026-02-02T02:18:16.8875193Z,Attempt 1: Rsync for filelist /tmp//splits/split.ag completed with exit code 0,,0
	2026-02-02T02:18:16.8964481Z,,,0
	2026-02-02T02:18:16.9064191Z,Number of files: 9 (reg: 7&comma; dir: 2),,0
	2026-02-02T02:18:16.9348247Z,Number of created files: 7 (reg: 7),,0
	2026-02-02T02:18:16.9423343Z,Number of deleted files: 0,,0
	2026-02-02T02:18:16.9497614Z,Number of regular files transferred: 7,,0
	2026-02-02T02:18:16.9569043Z,Total file size: 27.87K bytes,,0
	2026-02-02T02:18:16.9723502Z,Total transferred file size: 27.87K bytes,,0
	2026-02-02T02:18:16.9790726Z,Literal data: 27.87K bytes,,0
	2026-02-02T02:18:16.9871507Z,Matched data: 0 bytes,,0
	2026-02-02T02:18:16.9942787Z,File list size: 0,,0
	2026-02-02T02:18:17.0145459Z,File list generation time: 0.031 seconds,,0
	2026-02-02T02:18:17.0207247Z,File list transfer time: 0.000 seconds,,0
	2026-02-02T02:18:17.0274119Z,Total bytes sent: 8.15K,,0
	2026-02-02T02:18:17.0337976Z,Total bytes received: 155,,0
	2026-02-02T02:18:17.0405382Z,,,0
	2026-02-02T02:18:17.0498468Z,sent 8.15K bytes  received 155 bytes  5.53K bytes/sec,,0
	2026-02-02T02:18:17.0572475Z,total size is 27.87K  speedup is 3.36,,0
	2026-02-02T02:18:17.0634679Z,,,0
	2026-02-02T02:18:17.0692535Z,Number of files: 9 (reg: 7&comma; dir: 2),,0
	2026-02-02T02:18:17.0841130Z,Number of created files: 8 (reg: 7&comma; dir: 1),,0
	2026-02-02T02:18:17.0895137Z,Number of deleted files: 0,,0
	2026-02-02T02:18:17.1156007Z,Number of regular files transferred: 7,,0
	2026-02-02T02:18:17.1221749Z,Total file size: 40.52K bytes,,0
	2026-02-02T02:18:17.1280851Z,Total transferred file size: 40.52K bytes,,0
	2026-02-02T02:18:17.1352282Z,Literal data: 40.52K bytes,,0
	2026-02-02T02:18:17.1432473Z,Matched data: 0 bytes,,0
	2026-02-02T02:18:17.1508542Z,File list size: 0,,0
	2026-02-02T02:18:17.1593220Z,File list generation time: 0.001 seconds,,0
	2026-02-02T02:18:17.1661347Z,File list transfer time: 0.000 seconds,,0
	2026-02-02T02:18:17.1743631Z,Total bytes sent: 10.25K,,0
	2026-02-02T02:18:17.1809933Z,Total bytes received: 155,,0
	2026-02-02T02:18:17.1902724Z,,,0
	2026-02-02T02:18:17.2103818Z,sent 10.25K bytes  received 155 bytes  6.94K bytes/sec,,0
	2026-02-02T02:18:17.2163044Z,total size is 40.52K  speedup is 3.90,,0
	2026-02-02T02:18:17.2219509Z,Attempt 1: Rsync for filelist /tmp//splits/split.ac completed with exit code 0,,0
	2026-02-02T02:18:17.2276036Z,Attempt 1: Rsync for filelist /tmp//splits/split.ad completed with exit code 0,,0
	2026-02-02T02:18:17.2352158Z,Attempt 1: Rsync for filelist /tmp//splits/split.ae completed with exit code 0,,0
	2026-02-02T02:18:17.2413869Z,,,0
	2026-02-02T02:18:17.2468711Z,Number of files: 10 (reg: 7&comma; dir: 3),,0
	2026-02-02T02:18:17.2524482Z,Number of created files: 8 (reg: 7&comma; dir: 1),,0
	2026-02-02T02:18:17.2588524Z,Number of deleted files: 0,,0
	2026-02-02T02:18:17.2653174Z,Number of regular files transferred: 7,,0
	2026-02-02T02:18:17.2743039Z,Total file size: 36.51K bytes,,0
	2026-02-02T02:18:17.2794287Z,Total transferred file size: 36.51K bytes,,0
	2026-02-02T02:18:17.2848959Z,Literal data: 36.51K bytes,,0
	2026-02-02T02:18:17.2899083Z,Matched data: 0 bytes,,0
	2026-02-02T02:18:17.2980156Z,File list size: 0,,0
	2026-02-02T02:18:17.3206443Z,File list generation time: 0.002 seconds,,0
	2026-02-02T02:18:17.3319904Z,File list transfer time: 0.000 seconds,,0
	2026-02-02T02:18:17.3384037Z,Total bytes sent: 11.21K,,0
	2026-02-02T02:18:17.3479781Z,Total bytes received: 158,,0
	2026-02-02T02:18:17.3580929Z,,,0
	2026-02-02T02:18:17.3658110Z,sent 11.21K bytes  received 158 bytes  7.58K bytes/sec,,0
	2026-02-02T02:18:17.3719841Z,total size is 36.51K  speedup is 3.21,,0
	2026-02-02T02:18:17.3813776Z,Attempt 1: Rsync for filelist /tmp//splits/split.af completed with exit code 0,,0
	2026-02-02T02:18:17.3883866Z,Deleting files not present in /tmp/zipdeploy/extracted/ from /home/site/wwwroot/ based on manifest file /opt/Kudu/Scripts/firstDeploymentManifest,,0
	2026-02-02T02:18:17.4081299Z,Number of files deleted: 1. See /tmp//rsync_deletion_logs.txt for more details.,,0
	2026-02-02T02:18:17.4229312Z,create new manifest file at /home/site/deployments/4f4efc43-f5ba-4d30-8513-bcba2c515680/manifest,,0
	2026-02-02T02:18:17.4324533Z,Completed successfully in 3 seconds,,0
2026-02-02T02:18:17.5675251Z,Running post deployment command(s)...,de9743e5-1da5-45a5-8e0c-43ddee67c315,0
2026-02-02T02:18:17.7899450Z,Triggering recycle (preview mode disabled).,c86a05ab-c05a-4261-8fca-c2954f480349,0
2026-02-02T02:18:18.0577187Z,Deployment successful. deployer = Push-Deployer deploymentPath = ZipDeploy. Extract zip.,134d3776-542e-4698-8066-4e49e0eecda5,0
