2026-02-02T03:00:53.9505297Z,Updating submodules.,6ca1e61a-229c-46c6-9e13-106896949063,0
2026-02-02T03:00:55.1779892Z,Preparing deployment for commit id '453dac1f-f'.,205fa03b-ad4f-4af8-b307-0edab6d346bb,0
2026-02-02T03:00:55.7246007Z,PreDeployment: context.CleanOutputPath False,d8383e73-d9d8-4880-a082-c66fdbeccd69,0
2026-02-02T03:00:55.9222384Z,PreDeployment: context.OutputPath /home/site/wwwroot,4737aaff-85fe-46b6-9a01-d7fc10b41a16,0
2026-02-02T03:00:56.1137277Z,Running build. Project type: OneDeploy,7708e3f1-057c-4894-8110-fb6db4b29eb5,0
2026-02-02T03:00:56.3167729Z,Copying the manifest,3480a8e6-ecbd-417d-888e-c650ef3f6ecb,0
2026-02-02T03:00:56.5452449Z,Running deployment command...,f37741a7-75d3-49b5-a629-11fd4a3bfdc7,0
	2026-02-02T03:00:56.5729373Z,Command: /opt/Kudu/Scripts/parallel_rsync.sh /tmp/zipdeploy/extracted /home/site/wwwroot 8 /tmp/ False False  ,,0
	2026-02-02T03:00:56.7433227Z,Run rsync from: /tmp/zipdeploy/extracted/ to: /home/site/wwwroot/ in 8 parallel threads,,0
	2026-02-02T03:00:56.8220659Z,Delete options: clean=False&comma; use manifest=False&comma; directory to ignore=,,0
	2026-02-02T03:00:56.8715060Z,Prev manifest = /home/site/deployments/4f4efc43-f5ba-4d30-8513-bcba2c515680/manifest and next /home/site/deployments/453dac1f-f434-4713-99ec-624c878ca2d7/manifest,,0
	2026-02-02T03:00:56.9400693Z,Cleaning up /tmp//filelist.txt and /tmp//splits,,0
	2026-02-02T03:00:57.0802159Z,Creating a list of all files at /tmp//filelist.txt,,0
	2026-02-02T03:00:57.1482889Z,No directory to exclude.,,0
	2026-02-02T03:00:57.3032592Z,Created /tmp//filelist.txt. Total number of files to be synced = 52.,,0
	2026-02-02T03:00:57.4127635Z,Created batches from the list of files. Processing 7 files in each thread,,0
	2026-02-02T03:00:57.4594019Z,Running rsync for filelist /tmp//splits/split.aa from /tmp/zipdeploy/extracted/ to /home/site/wwwroot/,,0
	2026-02-02T03:00:57.5573874Z,Running rsync for filelist /tmp//splits/split.ac from /tmp/zipdeploy/extracted/ to /home/site/wwwroot/,,0
	2026-02-02T03:00:57.7192140Z,Running rsync for filelist /tmp//splits/split.ab from /tmp/zipdeploy/extracted/ to /home/site/wwwroot/,,0
	2026-02-02T03:00:57.9539567Z,Running rsync for filelist /tmp//splits/split.ad from /tmp/zipdeploy/extracted/ to /home/site/wwwroot/,,0
	2026-02-02T03:00:58.1401648Z,Running rsync for filelist /tmp//splits/split.af from /tmp/zipdeploy/extracted/ to /home/site/wwwroot/,,0
	2026-02-02T03:00:58.4021301Z,Running rsync for filelist /tmp//splits/split.ae from /tmp/zipdeploy/extracted/ to /home/site/wwwroot/,,0
	2026-02-02T03:00:58.4820510Z,Running rsync for filelist /tmp//splits/split.ag from /tmp/zipdeploy/extracted/ to /home/site/wwwroot/,,0
	2026-02-02T03:00:58.5704047Z,Running rsync for filelist /tmp//splits/split.ah from /tmp/zipdeploy/extracted/ to /home/site/wwwroot/,,0
	2026-02-02T03:00:58.6692180Z,,,0
	2026-02-02T03:00:58.7352055Z,Number of files: 9 (reg: 7&comma; dir: 2),,0
	2026-02-02T03:00:58.8250332Z,Number of created files: 0,,0
	2026-02-02T03:00:58.8740807Z,Number of deleted files: 0,,0
	2026-02-02T03:00:58.9333356Z,Number of regular files transferred: 2,,0
	2026-02-02T03:00:58.9706350Z,Total file size: 11.30K bytes,,0
	2026-02-02T03:00:59.0170613Z,Total transferred file size: 6.06K bytes,,0
	2026-02-02T03:00:59.0566695Z,Literal data: 6.06K bytes,,0
	2026-02-02T03:00:59.1131254Z,Matched data: 0 bytes,,0
	2026-02-02T03:00:59.1609715Z,File list size: 0,,0
	2026-02-02T03:00:59.2125524Z,File list generation time: 0.001 seconds,,0
	2026-02-02T03:00:59.2511595Z,File list transfer time: 0.000 seconds,,0
	2026-02-02T03:00:59.2731473Z,Total bytes sent: 2.49K,,0
	2026-02-02T03:00:59.3109313Z,Total bytes received: 75,,0
	2026-02-02T03:00:59.3998174Z,,,0
	2026-02-02T03:00:59.4371790Z,sent 2.49K bytes  received 75 bytes  1.71K bytes/sec,,0
	2026-02-02T03:00:59.4675617Z,total size is 11.30K  speedup is 4.40,,0
	2026-02-02T03:00:59.5071518Z,,,0
	2026-02-02T03:00:59.5546153Z,Number of files: 5 (reg: 3&comma; dir: 2),,0
	2026-02-02T03:00:59.6144231Z,Number of created files: 0,,0
	2026-02-02T03:00:59.6445978Z,Number of deleted files: 0,,0
	2026-02-02T03:00:59.6840625Z,Number of regular files transferred: 1,,0
	2026-02-02T03:00:59.7465318Z,Total file size: 10.87K bytes,,0
	2026-02-02T03:00:59.7754211Z,Total transferred file size: 1.47K bytes,,0
	2026-02-02T03:00:59.8383689Z,Literal data: 1.47K bytes,,0
	2026-02-02T03:00:59.8924825Z,Matched data: 0 bytes,,0
	2026-02-02T03:00:59.9500252Z,File list size: 0,,0
	2026-02-02T03:00:59.9903097Z,File list generation time: 0.001 seconds,,0
	2026-02-02T03:01:00.0697408Z,File list transfer time: 0.000 seconds,,0
	2026-02-02T03:01:00.1094556Z,Total bytes sent: 896,,0
	2026-02-02T03:01:00.1570143Z,Total bytes received: 47,,0
	2026-02-02T03:01:00.1884988Z,,,0
	2026-02-02T03:01:00.2452475Z,sent 896 bytes  received 47 bytes  628.67 bytes/sec,,0
	2026-02-02T03:01:00.3226465Z,total size is 10.87K  speedup is 11.52,,0
	2026-02-02T03:01:00.3720340Z,Attempt 1: Rsync for filelist /tmp//splits/split.ah completed with exit code 0,,0
	2026-02-02T03:01:00.4411345Z,Attempt 1: Rsync for filelist /tmp//splits/split.ac completed with exit code 0,,0
	2026-02-02T03:01:00.4828681Z,,,0
	2026-02-02T03:01:00.5045985Z,Number of files: 9 (reg: 7&comma; dir: 2),,0
	2026-02-02T03:01:00.5145955Z,Number of created files: 0,,0
	2026-02-02T03:01:00.5345119Z,Number of deleted files: 0,,0
	2026-02-02T03:01:00.5437622Z,Number of regular files transferred: 4,,0
	2026-02-02T03:01:00.5533935Z,Total file size: 40.52K bytes,,0
	2026-02-02T03:01:00.5698261Z,Total transferred file size: 35.69K bytes,,0
	2026-02-02T03:01:00.6092840Z,Literal data: 35.69K bytes,,0
	2026-02-02T03:01:00.6294851Z,Matched data: 0 bytes,,0
	2026-02-02T03:01:00.6969508Z,File list size: 0,,0
	2026-02-02T03:01:00.7311030Z,File list generation time: 0.029 seconds,,0
	2026-02-02T03:01:00.7527504Z,File list transfer time: 0.000 seconds,,0
	2026-02-02T03:01:00.7774500Z,Total bytes sent: 8.94K,,0
	2026-02-02T03:01:00.8086992Z,Total bytes received: 107,,0
	2026-02-02T03:01:00.8353629Z,,,0
	2026-02-02T03:01:00.8656497Z,sent 8.94K bytes  received 107 bytes  6.03K bytes/sec,,0
	2026-02-02T03:01:00.9231228Z,total size is 40.52K  speedup is 4.48,,0
	2026-02-02T03:01:00.9728871Z,Attempt 1: Rsync for filelist /tmp//splits/split.ad completed with exit code 0,,0
	2026-02-02T03:01:01.0217264Z,,,0
	2026-02-02T03:01:01.0620520Z,Number of files: 9 (reg: 7&comma; dir: 2),,0
	2026-02-02T03:01:01.1034348Z,Number of created files: 0,,0
	2026-02-02T03:01:01.1143150Z,Number of deleted files: 0,,0
	2026-02-02T03:01:01.1260516Z,Number of regular files transferred: 3,,0
	2026-02-02T03:01:01.1416960Z,Total file size: 25.95K bytes,,0
	2026-02-02T03:01:01.1535245Z,Total transferred file size: 18.18K bytes,,0
	2026-02-02T03:01:01.1668642Z,Literal data: 18.18K bytes,,0
	2026-02-02T03:01:01.1835266Z,Matched data: 0 bytes,,0
	2026-02-02T03:01:01.2224519Z,File list size: 0,,0
	2026-02-02T03:01:01.2379156Z,File list generation time: 0.012 seconds,,0
	2026-02-02T03:01:01.2514443Z,File list transfer time: 0.000 seconds,,0
	2026-02-02T03:01:01.3191769Z,Total bytes sent: 5.60K,,0
	2026-02-02T03:01:01.3377213Z,Total bytes received: 91,,0
	2026-02-02T03:01:01.3481028Z,,,0
	2026-02-02T03:01:01.3567199Z,sent 5.60K bytes  received 91 bytes  3.80K bytes/sec,,0
	2026-02-02T03:01:01.3679822Z,total size is 25.95K  speedup is 4.56,,0
	2026-02-02T03:01:01.3932981Z,Attempt 1: Rsync for filelist /tmp//splits/split.ae completed with exit code 0,,0
	2026-02-02T03:01:01.4036643Z,,,0
	2026-02-02T03:01:01.4186976Z,Number of files: 10 (reg: 7&comma; dir: 3),,0
	2026-02-02T03:01:01.4292896Z,Number of created files: 0,,0
	2026-02-02T03:01:01.4403489Z,Number of deleted files: 0,,0
	2026-02-02T03:01:01.4597210Z,Number of regular files transferred: 4,,0
	2026-02-02T03:01:01.5015525Z,Total file size: 31.16K bytes,,0
	2026-02-02T03:01:01.5288032Z,Total transferred file size: 27.61K bytes,,0
	2026-02-02T03:01:01.5480580Z,Literal data: 27.61K bytes,,0
	2026-02-02T03:01:01.5633069Z,Matched data: 0 bytes,,0
	2026-02-02T03:01:01.5910398Z,File list size: 0,,0
	2026-02-02T03:01:01.6197545Z,File list generation time: 0.049 seconds,,0
	2026-02-02T03:01:01.6387208Z,File list transfer time: 0.000 seconds,,0
	2026-02-02T03:01:01.6751754Z,Total bytes sent: 6.96K,,0
	2026-02-02T03:01:01.7115923Z,Total bytes received: 110,,0
	2026-02-02T03:01:01.7521984Z,,,0
	2026-02-02T03:01:01.7899656Z,sent 6.96K bytes  received 110 bytes  4.72K bytes/sec,,0
	2026-02-02T03:01:01.8392706Z,total size is 31.16K  speedup is 4.41,,0
	2026-02-02T03:01:01.9152900Z,Attempt 1: Rsync for filelist /tmp//splits/split.ag completed with exit code 0,,0
	2026-02-02T03:01:01.9416191Z,,,0
	2026-02-02T03:01:01.9510547Z,Number of files: 10 (reg: 7&comma; dir: 3),,0
	2026-02-02T03:01:01.9616447Z,Number of created files: 0,,0
	2026-02-02T03:01:01.9767057Z,Number of deleted files: 0,,0
	2026-02-02T03:01:01.9935903Z,Number of regular files transferred: 4,,0
	2026-02-02T03:01:02.0019602Z,Total file size: 20.50K bytes,,0
	2026-02-02T03:01:02.0122712Z,Total transferred file size: 16.68K bytes,,0
	2026-02-02T03:01:02.0233916Z,Literal data: 16.68K bytes,,0
	2026-02-02T03:01:02.0317859Z,Matched data: 0 bytes,,0
	2026-02-02T03:01:02.0789516Z,File list size: 0,,0
	2026-02-02T03:01:02.1088284Z,File list generation time: 0.105 seconds,,0
	2026-02-02T03:01:02.1208794Z,File list transfer time: 0.000 seconds,,0
	2026-02-02T03:01:02.1295440Z,Total bytes sent: 5.51K,,0
	2026-02-02T03:01:02.1419136Z,Total bytes received: 110,,0
	2026-02-02T03:01:02.1511495Z,,,0
	2026-02-02T03:01:02.1666601Z,sent 5.51K bytes  received 110 bytes  3.75K bytes/sec,,0
	2026-02-02T03:01:02.1906279Z,total size is 20.50K  speedup is 3.65,,0
	2026-02-02T03:01:02.2002135Z,Attempt 1: Rsync for filelist /tmp//splits/split.ab completed with exit code 0,,0
	2026-02-02T03:01:02.2088173Z,,,0
	2026-02-02T03:01:02.2237951Z,Number of files: 11 (reg: 7&comma; dir: 4),,0
	2026-02-02T03:01:02.2423149Z,Number of created files: 0,,0
	2026-02-02T03:01:02.2552265Z,Number of deleted files: 0,,0
	2026-02-02T03:01:02.2660372Z,Number of regular files transferred: 5,,0
	2026-02-02T03:01:02.2896442Z,Total file size: 298.32K bytes,,0
	2026-02-02T03:01:02.3084875Z,Total transferred file size: 253.08K bytes,,0
	2026-02-02T03:01:02.3268496Z,Literal data: 253.08K bytes,,0
	2026-02-02T03:01:02.3465241Z,Matched data: 0 bytes,,0
	2026-02-02T03:01:02.3627872Z,File list size: 0,,0
	2026-02-02T03:01:02.3769266Z,File list generation time: 0.001 seconds,,0
	2026-02-02T03:01:02.4106133Z,File list transfer time: 0.000 seconds,,0
	2026-02-02T03:01:02.4361975Z,Total bytes sent: 59.31K,,0
	2026-02-02T03:01:02.4508046Z,Total bytes received: 129,,0
	2026-02-02T03:01:02.4783185Z,,,0
	2026-02-02T03:01:02.5041457Z,sent 59.31K bytes  received 129 bytes  39.63K bytes/sec,,0
	2026-02-02T03:01:02.5169210Z,total size is 298.32K  speedup is 5.02,,0
	2026-02-02T03:01:02.5268310Z,Attempt 1: Rsync for filelist /tmp//splits/split.aa completed with exit code 0,,0
	2026-02-02T03:01:02.5472461Z,,,0
	2026-02-02T03:01:02.5556291Z,Number of files: 10 (reg: 7&comma; dir: 3),,0
	2026-02-02T03:01:02.5639173Z,Number of created files: 0,,0
	2026-02-02T03:01:02.5852632Z,Number of deleted files: 0,,0
	2026-02-02T03:01:02.6037751Z,Number of regular files transferred: 5,,0
	2026-02-02T03:01:02.6156672Z,Total file size: 36.56K bytes,,0
	2026-02-02T03:01:02.6280627Z,Total transferred file size: 33.52K bytes,,0
	2026-02-02T03:01:02.6363347Z,Literal data: 33.52K bytes,,0
	2026-02-02T03:01:02.6501308Z,Matched data: 0 bytes,,0
	2026-02-02T03:01:02.6694495Z,File list size: 0,,0
	2026-02-02T03:01:02.6936466Z,File list generation time: 0.048 seconds,,0
	2026-02-02T03:01:02.7036354Z,File list transfer time: 0.000 seconds,,0
	2026-02-02T03:01:02.7135389Z,Total bytes sent: 10.37K,,0
	2026-02-02T03:01:02.7302645Z,Total bytes received: 126,,0
	2026-02-02T03:01:02.7435892Z,,,0
	2026-02-02T03:01:02.7532860Z,sent 10.37K bytes  received 126 bytes  7.00K bytes/sec,,0
	2026-02-02T03:01:02.7624689Z,total size is 36.56K  speedup is 3.48,,0
	2026-02-02T03:01:02.7857724Z,Attempt 1: Rsync for filelist /tmp//splits/split.af completed with exit code 0,,0
	2026-02-02T03:01:02.7968249Z,Completed successfully in 2 seconds,,0
2026-02-02T03:01:02.9134545Z,Build completed succesfully.,9823c5b0-8604-4d3b-bde4-8fbd884b397e,0
2026-02-02T03:01:03.0327093Z,Running post deployment command(s)...,0f3625cb-b2fc-419a-826c-2d8764c703d3,0
2026-02-02T03:01:03.1610960Z,Triggering container recycle for OneDeploy by adding/updating restartTrigger.txt to the site root path,84e9ad21-291b-4028-9c34-80dc99e34f54,0
2026-02-02T03:01:03.3290471Z,Deployment successful. deployer = OneDeploy deploymentPath = OneDeploy,d143a9e6-106e-4b99-80e4-857084bba017,0
