2026-02-02T02:18:34.0905054Z Container start method called.
2026-02-02T02:18:34.0907436Z Establishing network.
2026-02-02T02:18:34.0909203Z Pulling image: appsvc/node:20-lts_20260115.4.tuxprod.
2026-02-02T02:18:34.6741822Z Container is starting.
2026-02-02T02:18:34.6836798Z Establishing user namespace if not established already.
2026-02-02T02:18:34.6849274Z Establishing network if not established already.
2026-02-02T02:18:34.7018756Z Mounting volumes.
2026-02-02T02:18:34.7037829Z Nested mountpoint 
2026-02-02T02:18:34.7751969Z Nested mountpoint volatile/logs
2026-02-02T02:18:34.9602393Z Nested mountpoint 
2026-02-02T02:18:35.0489205Z Nested mountpoint 
2026-02-02T02:18:35.1093976Z Nested mountpoint 
2026-02-02T02:18:35.5868599Z Creating container.
2026-02-02T02:18:35.5950999Z Creating pipes for streaming container io.
2026-02-02T02:18:35.6046469Z Creating stdout named pipe at /podr/container/pipe/6f4cb2d15937_trader-api-express/stdout_ff89317dc7a44abc93cbc7bf805483d3.
2026-02-02T02:18:35.6153676Z Successfully created stdout named pipe at: /podr/container/pipe/6f4cb2d15937_trader-api-express/stdout_ff89317dc7a44abc93cbc7bf805483d3.
2026-02-02T02:18:35.6335354Z Opening named pipe /podr/container/pipe/6f4cb2d15937_trader-api-express/stdout_ff89317dc7a44abc93cbc7bf805483d3 for reading in non-blocking mode.
2026-02-02T02:18:35.6636007Z Successfully opened named pipe: /podr/container/pipe/6f4cb2d15937_trader-api-express/stdout_ff89317dc7a44abc93cbc7bf805483d3.
2026-02-02T02:18:35.6920508Z Successfully removed non-blocking flag from /podr/container/pipe/6f4cb2d15937_trader-api-express/stdout_ff89317dc7a44abc93cbc7bf805483d3.
2026-02-02T02:18:35.6939577Z Creating stderr named pipe at /podr/container/pipe/6f4cb2d15937_trader-api-express/stderr_c9e2f06ab96e4df784280b9ccbeb6e3d.
2026-02-02T02:18:35.6947090Z Successfully created stderr named pipe at: /podr/container/pipe/6f4cb2d15937_trader-api-express/stderr_c9e2f06ab96e4df784280b9ccbeb6e3d.
2026-02-02T02:18:35.7040731Z Opening named pipe /podr/container/pipe/6f4cb2d15937_trader-api-express/stderr_c9e2f06ab96e4df784280b9ccbeb6e3d for reading in non-blocking mode.
2026-02-02T02:18:35.7042517Z Successfully opened named pipe: /podr/container/pipe/6f4cb2d15937_trader-api-express/stderr_c9e2f06ab96e4df784280b9ccbeb6e3d.
2026-02-02T02:18:35.7043528Z Successfully removed non-blocking flag from /podr/container/pipe/6f4cb2d15937_trader-api-express/stderr_c9e2f06ab96e4df784280b9ccbeb6e3d.
2026-02-02T02:18:35.7045258Z Creating container with image: appsvc/node:20-lts_20260115.4.tuxprod from registry: 10.1.0.4:13209 and fully qualified image name: 10.1.0.4:13209/appsvc/node:20-lts_20260115.4.tuxprod
2026-02-02T02:18:36.7401888Z Starting container: 6f4cb2d15937_trader-api-express.
2026-02-02T02:18:36.8185647Z Starting watchers and probes.
2026-02-02T02:18:36.8393427Z Starting metrics collection.
2026-02-02T02:18:36.8396527Z Container is running.
2026-02-02T02:18:37.1276232Z Container start method finished after 3036 ms.
2026-02-02T02:19:08.7531109Z Container has finished running with exit code: 1.
2026-02-02T02:19:08.7710626Z Container is terminating. Grace period: 5 seconds.
2026-02-02T02:19:08.8074944Z Stop and delete container. Retry count = 0
2026-02-02T02:19:08.8102027Z Stopping container: 6f4cb2d15937_trader-api-express.
2026-02-02T02:19:08.9408891Z Deleting container: 6f4cb2d15937_trader-api-express. Retry count = 0
2026-02-02T02:19:09.5071472Z Container spec TerminationMessagePolicy  path 
2026-02-02T02:19:09.5349021Z Container is terminated. Total time elapsed: 761 ms.
2026-02-02T02:19:09.5373725Z Site container: trader-api-express terminated during site startup.
2026-02-02T02:19:09.7638199Z Site startup probe failed after 32.5858075 seconds.
2026-02-02T02:19:09.9920963Z Failed to start site. Revert by stopping site.
2026-02-02T02:19:10.0450804Z Site: trader-api-express stopped.
2026-02-02T02:19:18.6420089Z Container start method called.
2026-02-02T02:19:18.6422969Z Establishing network.
2026-02-02T02:19:18.6424871Z Pulling image: appsvc/node:20-lts_20260115.4.tuxprod.
2026-02-02T02:19:18.8966119Z Container is starting.
2026-02-02T02:19:18.8968192Z Establishing user namespace if not established already.
2026-02-02T02:19:18.8969140Z Establishing network if not established already.
2026-02-02T02:19:18.8970262Z Mounting volumes.
2026-02-02T02:19:18.8981613Z Nested mountpoint 
2026-02-02T02:19:18.9098198Z Nested mountpoint volatile/logs
2026-02-02T02:19:18.9369447Z Nested mountpoint 
2026-02-02T02:19:18.9466677Z Nested mountpoint 
2026-02-02T02:19:18.9777017Z Nested mountpoint 
2026-02-02T02:19:19.3358861Z Creating container.
2026-02-02T02:19:19.3574813Z Creating pipes for streaming container io.
2026-02-02T02:19:19.3578598Z Creating stdout named pipe at /podr/container/pipe/94c1c69b35ca_trader-api-express/stdout_c06c73c5c9554b0f954de53e2cff3fe6.
2026-02-02T02:19:19.3739980Z Successfully created stdout named pipe at: /podr/container/pipe/94c1c69b35ca_trader-api-express/stdout_c06c73c5c9554b0f954de53e2cff3fe6.
2026-02-02T02:19:19.3748957Z Opening named pipe /podr/container/pipe/94c1c69b35ca_trader-api-express/stdout_c06c73c5c9554b0f954de53e2cff3fe6 for reading in non-blocking mode.
2026-02-02T02:19:19.3768031Z Successfully opened named pipe: /podr/container/pipe/94c1c69b35ca_trader-api-express/stdout_c06c73c5c9554b0f954de53e2cff3fe6.
2026-02-02T02:19:19.3844201Z Successfully removed non-blocking flag from /podr/container/pipe/94c1c69b35ca_trader-api-express/stdout_c06c73c5c9554b0f954de53e2cff3fe6.
2026-02-02T02:19:19.3863180Z Creating stderr named pipe at /podr/container/pipe/94c1c69b35ca_trader-api-express/stderr_00ef5dfbc41642a6b16ba252b09e6d22.
2026-02-02T02:19:19.4024324Z Successfully created stderr named pipe at: /podr/container/pipe/94c1c69b35ca_trader-api-express/stderr_00ef5dfbc41642a6b16ba252b09e6d22.
2026-02-02T02:19:19.4026008Z Opening named pipe /podr/container/pipe/94c1c69b35ca_trader-api-express/stderr_00ef5dfbc41642a6b16ba252b09e6d22 for reading in non-blocking mode.
2026-02-02T02:19:19.4027292Z Successfully opened named pipe: /podr/container/pipe/94c1c69b35ca_trader-api-express/stderr_00ef5dfbc41642a6b16ba252b09e6d22.
2026-02-02T02:19:19.4028221Z Successfully removed non-blocking flag from /podr/container/pipe/94c1c69b35ca_trader-api-express/stderr_00ef5dfbc41642a6b16ba252b09e6d22.
2026-02-02T02:19:19.4029249Z Creating container with image: appsvc/node:20-lts_20260115.4.tuxprod from registry: 10.1.0.4:13209 and fully qualified image name: 10.1.0.4:13209/appsvc/node:20-lts_20260115.4.tuxprod
2026-02-02T02:19:19.9757630Z Starting container: 94c1c69b35ca_trader-api-express.
2026-02-02T02:19:20.1007530Z Starting watchers and probes.
2026-02-02T02:19:20.1014742Z Starting metrics collection.
2026-02-02T02:19:20.1021804Z Container is running.
2026-02-02T02:19:20.3843936Z Container start method finished after 1742 ms.
2026-02-02T02:19:46.3835169Z Container has finished running with exit code: 1.
2026-02-02T02:19:46.3844186Z Container is terminating. Grace period: 5 seconds.
2026-02-02T02:19:46.3940469Z Stop and delete container. Retry count = 0
2026-02-02T02:19:46.3941686Z Stopping container: 94c1c69b35ca_trader-api-express.
2026-02-02T02:19:46.5016224Z Deleting container: 94c1c69b35ca_trader-api-express. Retry count = 0
2026-02-02T02:19:46.7683309Z Container spec TerminationMessagePolicy  path 
2026-02-02T02:19:46.7702688Z Container is terminated. Total time elapsed: 385 ms.
2026-02-02T02:19:46.7882902Z Site container: trader-api-express terminated during site startup.
2026-02-02T02:19:46.8000987Z Site startup probe failed after 26.3786352 seconds.
2026-02-02T02:19:47.0077685Z Failed to start site. Revert by stopping site.
2026-02-02T02:19:47.0267619Z Site: trader-api-express stopped.
2026-02-02T02:19:47.6029560Z Site: trader-api-express will be blocked for 1 minutes till 02/02/2026 02:20:47
2026-02-02T02:19:53.2960779Z Start site prohibitted because the site is being blocked.
2026-02-02T02:19:58.5074304Z Start site prohibitted because the site is being blocked.
2026-02-02T02:20:03.7570330Z Start site prohibitted because the site is being blocked.
2026-02-02T02:20:09.0169133Z Start site prohibitted because the site is being blocked.
2026-02-02T02:20:14.1979855Z Start site prohibitted because the site is being blocked.
2026-02-02T02:20:19.3860525Z Start site prohibitted because the site is being blocked.
2026-02-02T02:20:24.7403180Z Start site prohibitted because the site is being blocked.
2026-02-02T02:20:30.0979793Z Start site prohibitted because the site is being blocked.
2026-02-02T02:20:35.3364250Z Start site prohibitted because the site is being blocked.
2026-02-02T02:20:40.5683086Z Start site prohibitted because the site is being blocked.
2026-02-02T02:20:45.9317263Z Start site prohibitted because the site is being blocked.
2026-02-02T02:20:47.5931356Z Site: trader-api-express is unblocked.
2026-02-02T02:20:52.8896898Z Container start method called.
2026-02-02T02:20:52.8901132Z Establishing network.
2026-02-02T02:20:52.8916386Z Pulling image: appsvc/node:20-lts_20260115.4.tuxprod.
2026-02-02T02:20:53.1304691Z Container is starting.
2026-02-02T02:20:53.1306612Z Establishing user namespace if not established already.
2026-02-02T02:20:53.1494230Z Establishing network if not established already.
2026-02-02T02:20:53.1575159Z Mounting volumes.
2026-02-02T02:20:53.1773956Z Nested mountpoint 
2026-02-02T02:20:53.2091232Z Nested mountpoint volatile/logs
2026-02-02T02:20:53.2288621Z Nested mountpoint 
2026-02-02T02:20:53.2962778Z Nested mountpoint 
2026-02-02T02:20:53.3052653Z Nested mountpoint 
2026-02-02T02:20:53.6328067Z Creating container.
2026-02-02T02:20:53.6630963Z Creating pipes for streaming container io.
2026-02-02T02:20:53.7019774Z Creating stdout named pipe at /podr/container/pipe/966321d50b09_trader-api-express/stdout_0f54196ffd9a414a982624c2a2fa243e.
2026-02-02T02:20:53.7024554Z Successfully created stdout named pipe at: /podr/container/pipe/966321d50b09_trader-api-express/stdout_0f54196ffd9a414a982624c2a2fa243e.
2026-02-02T02:20:53.7027616Z Opening named pipe /podr/container/pipe/966321d50b09_trader-api-express/stdout_0f54196ffd9a414a982624c2a2fa243e for reading in non-blocking mode.
2026-02-02T02:20:53.7039114Z Successfully opened named pipe: /podr/container/pipe/966321d50b09_trader-api-express/stdout_0f54196ffd9a414a982624c2a2fa243e.
2026-02-02T02:20:53.7344971Z Successfully removed non-blocking flag from /podr/container/pipe/966321d50b09_trader-api-express/stdout_0f54196ffd9a414a982624c2a2fa243e.
2026-02-02T02:20:53.7346739Z Creating stderr named pipe at /podr/container/pipe/966321d50b09_trader-api-express/stderr_354ec5491c8c482cbb87777a7a7b01d2.
2026-02-02T02:20:53.7348780Z Successfully created stderr named pipe at: /podr/container/pipe/966321d50b09_trader-api-express/stderr_354ec5491c8c482cbb87777a7a7b01d2.
2026-02-02T02:20:53.7350986Z Opening named pipe /podr/container/pipe/966321d50b09_trader-api-express/stderr_354ec5491c8c482cbb87777a7a7b01d2 for reading in non-blocking mode.
2026-02-02T02:20:53.7352520Z Successfully opened named pipe: /podr/container/pipe/966321d50b09_trader-api-express/stderr_354ec5491c8c482cbb87777a7a7b01d2.
2026-02-02T02:20:53.7353638Z Successfully removed non-blocking flag from /podr/container/pipe/966321d50b09_trader-api-express/stderr_354ec5491c8c482cbb87777a7a7b01d2.
2026-02-02T02:20:53.7444052Z Creating container with image: appsvc/node:20-lts_20260115.4.tuxprod from registry: 10.1.0.4:13209 and fully qualified image name: 10.1.0.4:13209/appsvc/node:20-lts_20260115.4.tuxprod
2026-02-02T02:20:54.8990416Z Starting container: 966321d50b09_trader-api-express.
2026-02-02T02:20:55.1691307Z Starting watchers and probes.
2026-02-02T02:20:55.1695350Z Starting metrics collection.
2026-02-02T02:20:55.1802827Z Container is running.
2026-02-02T02:20:55.4650342Z Container start method finished after 2493 ms.
2026-02-02T02:21:31.3276155Z Container has finished running with exit code: 1.
2026-02-02T02:21:31.3545623Z Container is terminating. Grace period: 5 seconds.
2026-02-02T02:21:31.3554075Z Stop and delete container. Retry count = 0
2026-02-02T02:21:31.3555312Z Stopping container: 966321d50b09_trader-api-express.
2026-02-02T02:21:31.4746630Z Deleting container: 966321d50b09_trader-api-express. Retry count = 0
2026-02-02T02:21:31.8837898Z Container spec TerminationMessagePolicy  path 
2026-02-02T02:21:31.8853994Z Container is terminated. Total time elapsed: 529 ms.
2026-02-02T02:21:31.8860808Z Site container: trader-api-express terminated during site startup.
2026-02-02T02:21:31.9737935Z Site startup probe failed after 36.4734441 seconds.
2026-02-02T02:21:32.3381290Z Failed to start site. Revert by stopping site.
2026-02-02T02:21:32.3773576Z Site: trader-api-express stopped.
2026-02-02T02:21:33.6409828Z Site: trader-api-express will be blocked for 1 minutes till 02/02/2026 02:22:33
2026-02-02T02:21:39.7719801Z Start site prohibitted because the site is being blocked.
2026-02-02T02:21:45.0222771Z Start site prohibitted because the site is being blocked.
2026-02-02T02:21:50.2160547Z Start site prohibitted because the site is being blocked.
2026-02-02T02:21:55.4673991Z Start site prohibitted because the site is being blocked.
2026-02-02T02:22:00.6493007Z Start site prohibitted because the site is being blocked.
2026-02-02T02:22:05.7635242Z Start site prohibitted because the site is being blocked.
2026-02-02T02:22:10.9684247Z Start site prohibitted because the site is being blocked.
2026-02-02T02:22:16.4004991Z Start site prohibitted because the site is being blocked.
2026-02-02T02:22:22.2629541Z Start site prohibitted because the site is being blocked.
2026-02-02T02:22:27.4602289Z Start site prohibitted because the site is being blocked.
2026-02-02T02:22:32.6033692Z Start site prohibitted because the site is being blocked.
2026-02-02T02:22:33.6227436Z Site: trader-api-express is unblocked.
2026-02-02T02:22:39.7306852Z Container start method called.
2026-02-02T02:22:39.7378619Z Establishing network.
2026-02-02T02:22:39.7379944Z Pulling image: appsvc/node:20-lts_20260115.4.tuxprod.
2026-02-02T02:22:40.9070505Z Container is starting.
2026-02-02T02:22:40.9075295Z Establishing user namespace if not established already.
2026-02-02T02:22:40.9077126Z Establishing network if not established already.
2026-02-02T02:22:40.9078786Z Mounting volumes.
2026-02-02T02:22:40.9081338Z Nested mountpoint 
2026-02-02T02:22:40.9477662Z Nested mountpoint volatile/logs
2026-02-02T02:22:40.9973676Z Nested mountpoint 
2026-02-02T02:22:41.1104445Z Nested mountpoint 
2026-02-02T02:22:41.1123651Z Nested mountpoint 
2026-02-02T02:22:41.6493095Z Creating container.
2026-02-02T02:22:41.6679872Z Creating pipes for streaming container io.
2026-02-02T02:22:41.6789960Z Creating stdout named pipe at /podr/container/pipe/8726ec922ecf_trader-api-express/stdout_fd2e700310a841c4b70c4c0e8806c4e5.
2026-02-02T02:22:41.6949823Z Successfully created stdout named pipe at: /podr/container/pipe/8726ec922ecf_trader-api-express/stdout_fd2e700310a841c4b70c4c0e8806c4e5.
2026-02-02T02:22:41.6958556Z Opening named pipe /podr/container/pipe/8726ec922ecf_trader-api-express/stdout_fd2e700310a841c4b70c4c0e8806c4e5 for reading in non-blocking mode.
2026-02-02T02:22:41.6975301Z Successfully opened named pipe: /podr/container/pipe/8726ec922ecf_trader-api-express/stdout_fd2e700310a841c4b70c4c0e8806c4e5.
2026-02-02T02:22:41.7157556Z Successfully removed non-blocking flag from /podr/container/pipe/8726ec922ecf_trader-api-express/stdout_fd2e700310a841c4b70c4c0e8806c4e5.
2026-02-02T02:22:41.7176101Z Creating stderr named pipe at /podr/container/pipe/8726ec922ecf_trader-api-express/stderr_0fd25b2f42114dd29a7d614e40815d79.
2026-02-02T02:22:41.7242149Z Successfully created stderr named pipe at: /podr/container/pipe/8726ec922ecf_trader-api-express/stderr_0fd25b2f42114dd29a7d614e40815d79.
2026-02-02T02:22:41.7243573Z Opening named pipe /podr/container/pipe/8726ec922ecf_trader-api-express/stderr_0fd25b2f42114dd29a7d614e40815d79 for reading in non-blocking mode.
2026-02-02T02:22:41.7245324Z Successfully opened named pipe: /podr/container/pipe/8726ec922ecf_trader-api-express/stderr_0fd25b2f42114dd29a7d614e40815d79.
2026-02-02T02:22:41.7246506Z Successfully removed non-blocking flag from /podr/container/pipe/8726ec922ecf_trader-api-express/stderr_0fd25b2f42114dd29a7d614e40815d79.
2026-02-02T02:22:41.7247752Z Creating container with image: appsvc/node:20-lts_20260115.4.tuxprod from registry: 10.1.0.4:13209 and fully qualified image name: 10.1.0.4:13209/appsvc/node:20-lts_20260115.4.tuxprod
2026-02-02T02:22:42.2409983Z Starting container: 8726ec922ecf_trader-api-express.
2026-02-02T02:22:42.3768168Z Starting watchers and probes.
2026-02-02T02:22:42.3874631Z Starting metrics collection.
2026-02-02T02:22:42.3877112Z Container is running.
2026-02-02T02:22:42.5649301Z Container start method finished after 2833 ms.
2026-02-02T02:23:10.5003427Z Container has finished running with exit code: 1.
2026-02-02T02:23:10.5005242Z Container is terminating. Grace period: 5 seconds.
2026-02-02T02:23:10.5087977Z Stop and delete container. Retry count = 0
2026-02-02T02:23:10.5090524Z Stopping container: 8726ec922ecf_trader-api-express.
2026-02-02T02:23:10.6407806Z Deleting container: 8726ec922ecf_trader-api-express. Retry count = 0
2026-02-02T02:23:10.9961770Z Container spec TerminationMessagePolicy  path 
2026-02-02T02:23:11.0076538Z Container is terminated. Total time elapsed: 497 ms.
2026-02-02T02:23:11.0078459Z Site container: trader-api-express terminated during site startup.
2026-02-02T02:23:11.0269894Z Site startup probe failed after 28.4487105 seconds.
2026-02-02T02:23:11.2487461Z Failed to start site. Revert by stopping site.
2026-02-02T02:23:11.2500658Z Site: trader-api-express stopped.
2026-02-02T02:23:11.7953433Z Site: trader-api-express will be blocked for 2 minutes till 02/02/2026 02:25:11
2026-02-02T02:23:17.6944674Z Start site prohibitted because the site is being blocked.
2026-02-02T02:23:22.8148564Z Start site prohibitted because the site is being blocked.
2026-02-02T02:23:29.0648908Z Start site prohibitted because the site is being blocked.
2026-02-02T02:23:34.6529650Z Start site prohibitted because the site is being blocked.
2026-02-02T02:23:40.0452691Z Start site prohibitted because the site is being blocked.
2026-02-02T02:23:45.2378318Z Start site prohibitted because the site is being blocked.
2026-02-02T02:23:50.3448202Z Start site prohibitted because the site is being blocked.
2026-02-02T02:23:55.4623755Z Start site prohibitted because the site is being blocked.
2026-02-02T02:24:00.5844907Z Start site prohibitted because the site is being blocked.
2026-02-02T02:24:05.7292876Z Start site prohibitted because the site is being blocked.
2026-02-02T02:24:10.8576886Z Start site prohibitted because the site is being blocked.
2026-02-02T02:24:15.9068800Z Start site prohibitted because the site is being blocked.
2026-02-02T02:24:20.9811361Z Start site prohibitted because the site is being blocked.
2026-02-02T02:24:26.0742440Z Start site prohibitted because the site is being blocked.
2026-02-02T02:24:31.4178328Z Start site prohibitted because the site is being blocked.
2026-02-02T02:24:36.6605714Z Start site prohibitted because the site is being blocked.
2026-02-02T02:24:41.9127212Z Start site prohibitted because the site is being blocked.
2026-02-02T02:24:47.0814236Z Start site prohibitted because the site is being blocked.
2026-02-02T02:24:52.1690676Z Start site prohibitted because the site is being blocked.
2026-02-02T02:24:57.3454237Z Start site prohibitted because the site is being blocked.
2026-02-02T02:25:02.4581466Z Start site prohibitted because the site is being blocked.
2026-02-02T02:25:07.7062584Z Start site prohibitted because the site is being blocked.
2026-02-02T02:25:11.8012480Z Site: trader-api-express is unblocked.
2026-02-02T02:25:14.6011500Z Container start method called.
2026-02-02T02:25:14.6364554Z Establishing network.
2026-02-02T02:25:14.6373234Z Pulling image: appsvc/node:20-lts_20260115.4.tuxprod.
2026-02-02T02:25:15.0592027Z Container is starting.
2026-02-02T02:25:15.0665022Z Establishing user namespace if not established already.
2026-02-02T02:25:15.0668433Z Establishing network if not established already.
2026-02-02T02:25:15.0669885Z Mounting volumes.
2026-02-02T02:25:15.0671697Z Nested mountpoint 
2026-02-02T02:25:15.0863283Z Nested mountpoint volatile/logs
2026-02-02T02:25:15.1275924Z Nested mountpoint 
2026-02-02T02:25:15.2906609Z Nested mountpoint 
2026-02-02T02:25:15.2918232Z Nested mountpoint 
2026-02-02T02:25:15.7425928Z Creating container.
2026-02-02T02:25:15.7427152Z Creating pipes for streaming container io.
2026-02-02T02:25:15.7428082Z Creating stdout named pipe at /podr/container/pipe/b007d59a679c_trader-api-express/stdout_51c6c089ad124eae8c22d1ecdfeac3b3.
2026-02-02T02:25:15.7430824Z Successfully created stdout named pipe at: /podr/container/pipe/b007d59a679c_trader-api-express/stdout_51c6c089ad124eae8c22d1ecdfeac3b3.
2026-02-02T02:25:15.7431826Z Opening named pipe /podr/container/pipe/b007d59a679c_trader-api-express/stdout_51c6c089ad124eae8c22d1ecdfeac3b3 for reading in non-blocking mode.
2026-02-02T02:25:15.7432969Z Successfully opened named pipe: /podr/container/pipe/b007d59a679c_trader-api-express/stdout_51c6c089ad124eae8c22d1ecdfeac3b3.
2026-02-02T02:25:15.7433857Z Successfully removed non-blocking flag from /podr/container/pipe/b007d59a679c_trader-api-express/stdout_51c6c089ad124eae8c22d1ecdfeac3b3.
2026-02-02T02:25:15.7434741Z Creating stderr named pipe at /podr/container/pipe/b007d59a679c_trader-api-express/stderr_247ff6c0c2fc48c19aec681c9ebf191d.
2026-02-02T02:25:15.7436467Z Successfully created stderr named pipe at: /podr/container/pipe/b007d59a679c_trader-api-express/stderr_247ff6c0c2fc48c19aec681c9ebf191d.
2026-02-02T02:25:15.7437548Z Opening named pipe /podr/container/pipe/b007d59a679c_trader-api-express/stderr_247ff6c0c2fc48c19aec681c9ebf191d for reading in non-blocking mode.
2026-02-02T02:25:15.7505938Z Successfully opened named pipe: /podr/container/pipe/b007d59a679c_trader-api-express/stderr_247ff6c0c2fc48c19aec681c9ebf191d.
2026-02-02T02:25:15.7513148Z Successfully removed non-blocking flag from /podr/container/pipe/b007d59a679c_trader-api-express/stderr_247ff6c0c2fc48c19aec681c9ebf191d.
2026-02-02T02:25:15.7527846Z Creating container with image: appsvc/node:20-lts_20260115.4.tuxprod from registry: 10.1.0.4:13209 and fully qualified image name: 10.1.0.4:13209/appsvc/node:20-lts_20260115.4.tuxprod
2026-02-02T02:25:16.3522895Z Starting container: b007d59a679c_trader-api-express.
2026-02-02T02:25:16.4581460Z Starting watchers and probes.
2026-02-02T02:25:16.4682525Z Starting metrics collection.
2026-02-02T02:25:16.4699420Z Container is running.
2026-02-02T02:25:16.5877324Z Container start method finished after 1985 ms.
2026-02-02T02:25:43.4574985Z Container has finished running with exit code: 1.
2026-02-02T02:25:43.4580717Z Container is terminating. Grace period: 5 seconds.
2026-02-02T02:25:43.4609622Z Stop and delete container. Retry count = 0
2026-02-02T02:25:43.4611470Z Stopping container: b007d59a679c_trader-api-express.
2026-02-02T02:25:43.6794286Z Deleting container: b007d59a679c_trader-api-express. Retry count = 0
2026-02-02T02:25:44.1046580Z Container spec TerminationMessagePolicy  path 
2026-02-02T02:25:44.1148573Z Container is terminated. Total time elapsed: 653 ms.
2026-02-02T02:25:44.1245618Z Site container: trader-api-express terminated during site startup.
2026-02-02T02:25:44.1542198Z Site startup probe failed after 27.555278 seconds.
2026-02-02T02:25:44.5054275Z Failed to start site. Revert by stopping site.
2026-02-02T02:25:44.5067567Z Site: trader-api-express stopped.
2026-02-02T02:25:45.4911768Z Site: trader-api-express will be blocked for 2 minutes till 02/02/2026 02:27:45
2026-02-02T02:25:51.1126042Z Start site prohibitted because the site is being blocked.
2026-02-02T02:25:56.2791616Z Start site prohibitted because the site is being blocked.
2026-02-02T02:26:01.3971142Z Start site prohibitted because the site is being blocked.
2026-02-02T02:26:06.5264106Z Start site prohibitted because the site is being blocked.
2026-02-02T02:26:11.6298527Z Start site prohibitted because the site is being blocked.
2026-02-02T02:26:16.8455463Z Start site prohibitted because the site is being blocked.
2026-02-02T02:26:22.6889953Z Start site prohibitted because the site is being blocked.
2026-02-02T02:26:27.8458291Z Start site prohibitted because the site is being blocked.
2026-02-02T02:26:33.0802432Z Start site prohibitted because the site is being blocked.
2026-02-02T02:26:38.2521861Z Start site prohibitted because the site is being blocked.
2026-02-02T02:26:43.4678691Z Start site prohibitted because the site is being blocked.
2026-02-02T02:26:48.6628537Z Start site prohibitted because the site is being blocked.
2026-02-02T02:26:53.8086099Z Start site prohibitted because the site is being blocked.
2026-02-02T02:26:58.9152701Z Start site prohibitted because the site is being blocked.
2026-02-02T02:27:04.0298214Z Start site prohibitted because the site is being blocked.
2026-02-02T02:27:09.3083683Z Start site prohibitted because the site is being blocked.
2026-02-02T02:27:14.6543453Z Start site prohibitted because the site is being blocked.
2026-02-02T02:27:19.8439457Z Start site prohibitted because the site is being blocked.
2026-02-02T02:27:24.9736947Z Start site prohibitted because the site is being blocked.
2026-02-02T02:27:30.0918547Z Start site prohibitted because the site is being blocked.
2026-02-02T02:27:35.1882827Z Start site prohibitted because the site is being blocked.
2026-02-02T02:27:40.2890897Z Start site prohibitted because the site is being blocked.
2026-02-02T02:27:45.4018893Z Start site prohibitted because the site is being blocked.
2026-02-02T02:27:45.4939573Z Site: trader-api-express is unblocked.
2026-02-02T02:27:52.2465891Z Container start method called.
2026-02-02T02:27:52.2488922Z Establishing network.
2026-02-02T02:27:52.2653572Z Pulling image: appsvc/node:20-lts_20260115.4.tuxprod.
2026-02-02T02:27:52.5167806Z Container is starting.
2026-02-02T02:27:52.5169556Z Establishing user namespace if not established already.
2026-02-02T02:27:52.5170954Z Establishing network if not established already.
2026-02-02T02:27:52.5180180Z Mounting volumes.
2026-02-02T02:27:52.5249658Z Nested mountpoint 
2026-02-02T02:27:52.5448874Z Nested mountpoint volatile/logs
2026-02-02T02:27:52.5578123Z Nested mountpoint 
2026-02-02T02:27:52.5758742Z Nested mountpoint 
2026-02-02T02:27:52.5849327Z Nested mountpoint 
2026-02-02T02:27:52.9657242Z Creating container.
2026-02-02T02:27:52.9734925Z Creating pipes for streaming container io.
2026-02-02T02:27:52.9741038Z Creating stdout named pipe at /podr/container/pipe/8e3c2ab565ff_trader-api-express/stdout_b51a86f7dcf242a0b0c8b762ac093f61.
2026-02-02T02:27:52.9756368Z Successfully created stdout named pipe at: /podr/container/pipe/8e3c2ab565ff_trader-api-express/stdout_b51a86f7dcf242a0b0c8b762ac093f61.
2026-02-02T02:27:52.9947518Z Opening named pipe /podr/container/pipe/8e3c2ab565ff_trader-api-express/stdout_b51a86f7dcf242a0b0c8b762ac093f61 for reading in non-blocking mode.
2026-02-02T02:27:52.9955826Z Successfully opened named pipe: /podr/container/pipe/8e3c2ab565ff_trader-api-express/stdout_b51a86f7dcf242a0b0c8b762ac093f61.
2026-02-02T02:27:53.0014209Z Successfully removed non-blocking flag from /podr/container/pipe/8e3c2ab565ff_trader-api-express/stdout_b51a86f7dcf242a0b0c8b762ac093f61.
2026-02-02T02:27:53.0022125Z Creating stderr named pipe at /podr/container/pipe/8e3c2ab565ff_trader-api-express/stderr_17e43766742a47dbba0df044f719de89.
2026-02-02T02:27:53.0117424Z Successfully created stderr named pipe at: /podr/container/pipe/8e3c2ab565ff_trader-api-express/stderr_17e43766742a47dbba0df044f719de89.
2026-02-02T02:27:53.0124717Z Opening named pipe /podr/container/pipe/8e3c2ab565ff_trader-api-express/stderr_17e43766742a47dbba0df044f719de89 for reading in non-blocking mode.
2026-02-02T02:27:53.0131115Z Successfully opened named pipe: /podr/container/pipe/8e3c2ab565ff_trader-api-express/stderr_17e43766742a47dbba0df044f719de89.
2026-02-02T02:27:53.0140605Z Successfully removed non-blocking flag from /podr/container/pipe/8e3c2ab565ff_trader-api-express/stderr_17e43766742a47dbba0df044f719de89.
2026-02-02T02:27:53.0321959Z Creating container with image: appsvc/node:20-lts_20260115.4.tuxprod from registry: 10.1.0.4:13209 and fully qualified image name: 10.1.0.4:13209/appsvc/node:20-lts_20260115.4.tuxprod
2026-02-02T02:27:53.5712793Z Starting container: 8e3c2ab565ff_trader-api-express.
2026-02-02T02:27:53.6533461Z Starting watchers and probes.
2026-02-02T02:27:53.6633115Z Starting metrics collection.
2026-02-02T02:27:53.7124770Z Container is running.
2026-02-02T02:27:54.9506425Z Container start method finished after 2703 ms.
2026-02-02T02:28:31.0859524Z Container has finished running with exit code: 1.
2026-02-02T02:28:31.0875272Z Container is terminating. Grace period: 5 seconds.
2026-02-02T02:28:31.0897056Z Stop and delete container. Retry count = 0
2026-02-02T02:28:31.0904508Z Stopping container: 8e3c2ab565ff_trader-api-express.
2026-02-02T02:28:31.1591427Z Deleting container: 8e3c2ab565ff_trader-api-express. Retry count = 0
2026-02-02T02:28:31.4686883Z Container spec TerminationMessagePolicy  path 
2026-02-02T02:28:31.4759835Z Container is terminated. Total time elapsed: 388 ms.
2026-02-02T02:28:31.4779338Z Site container: trader-api-express terminated during site startup.
2026-02-02T02:28:31.5379076Z Site startup probe failed after 36.5772767 seconds.
2026-02-02T02:28:31.7803184Z Failed to start site. Revert by stopping site.
2026-02-02T02:28:31.7823274Z Site: trader-api-express stopped.
2026-02-02T03:01:17.2331096Z Container start method called.
2026-02-02T03:01:17.3309783Z Establishing network.
2026-02-02T03:01:17.3312561Z Pulling image: appsvc/node:20-lts_20260115.4.tuxprod.
2026-02-02T03:01:18.2272918Z Image appsvc/node:20-lts_20260115.4.tuxprod is pulled from registry 10.1.0.6:13209
2026-02-02T03:01:18.2274422Z Container is starting.
2026-02-02T03:01:18.2276257Z Establishing user namespace if not established already.
2026-02-02T03:01:18.2277298Z Establishing network if not established already.
2026-02-02T03:01:18.2278782Z Mounting volumes.
2026-02-02T03:01:18.2354982Z Nested mountpoint 
2026-02-02T03:01:18.2674679Z Nested mountpoint volatile/logs
2026-02-02T03:01:18.2953760Z Nested mountpoint 
2026-02-02T03:01:18.4918696Z Nested mountpoint 
2026-02-02T03:01:18.5451275Z Nested mountpoint 
2026-02-02T03:01:18.9850232Z Creating container.
2026-02-02T03:01:18.9854731Z Creating pipes for streaming container io.
2026-02-02T03:01:18.9858700Z Creating stdout named pipe at /podr/container/pipe/84bfb9bb9c81_trader-api-express/stdout_571665edf84a4d65be6712bf623297c2.
2026-02-02T03:01:18.9927471Z Successfully created stdout named pipe at: /podr/container/pipe/84bfb9bb9c81_trader-api-express/stdout_571665edf84a4d65be6712bf623297c2.
2026-02-02T03:01:18.9933994Z Opening named pipe /podr/container/pipe/84bfb9bb9c81_trader-api-express/stdout_571665edf84a4d65be6712bf623297c2 for reading in non-blocking mode.
2026-02-02T03:01:18.9939239Z Successfully opened named pipe: /podr/container/pipe/84bfb9bb9c81_trader-api-express/stdout_571665edf84a4d65be6712bf623297c2.
2026-02-02T03:01:18.9942697Z Successfully removed non-blocking flag from /podr/container/pipe/84bfb9bb9c81_trader-api-express/stdout_571665edf84a4d65be6712bf623297c2.
2026-02-02T03:01:18.9947292Z Creating stderr named pipe at /podr/container/pipe/84bfb9bb9c81_trader-api-express/stderr_3352f47060a347dabb675e36b6fc76dc.
2026-02-02T03:01:18.9950782Z Successfully created stderr named pipe at: /podr/container/pipe/84bfb9bb9c81_trader-api-express/stderr_3352f47060a347dabb675e36b6fc76dc.
2026-02-02T03:01:18.9953834Z Opening named pipe /podr/container/pipe/84bfb9bb9c81_trader-api-express/stderr_3352f47060a347dabb675e36b6fc76dc for reading in non-blocking mode.
2026-02-02T03:01:19.0120516Z Successfully opened named pipe: /podr/container/pipe/84bfb9bb9c81_trader-api-express/stderr_3352f47060a347dabb675e36b6fc76dc.
2026-02-02T03:01:19.0221933Z Successfully removed non-blocking flag from /podr/container/pipe/84bfb9bb9c81_trader-api-express/stderr_3352f47060a347dabb675e36b6fc76dc.
2026-02-02T03:01:19.0241884Z Creating container with image: appsvc/node:20-lts_20260115.4.tuxprod from registry: 10.1.0.6:13209 and fully qualified image name: 10.1.0.6:13209/appsvc/node:20-lts_20260115.4.tuxprod
2026-02-02T03:01:19.9896326Z Starting container: 84bfb9bb9c81_trader-api-express.
2026-02-02T03:01:20.1365020Z Starting watchers and probes.
2026-02-02T03:01:20.1664673Z Starting metrics collection.
2026-02-02T03:01:20.1667391Z Container is running.
2026-02-02T03:01:20.3352859Z Container start method finished after 3082 ms.
2026-02-02T03:01:49.1777908Z Container has finished running with exit code: 1.
2026-02-02T03:01:49.1779153Z Container is terminating. Grace period: 5 seconds.
2026-02-02T03:01:49.1799365Z Stop and delete container. Retry count = 0
2026-02-02T03:01:49.1801161Z Stopping container: 84bfb9bb9c81_trader-api-express.
2026-02-02T03:01:49.3216221Z Deleting container: 84bfb9bb9c81_trader-api-express. Retry count = 0
2026-02-02T03:01:49.9475859Z Container spec TerminationMessagePolicy  path 
2026-02-02T03:01:49.9492183Z Container is terminated. Total time elapsed: 769 ms.
2026-02-02T03:01:49.9494360Z Site container: trader-api-express terminated during site startup.
2026-02-02T03:01:50.0723857Z Site startup probe failed after 29.6589717 seconds.
2026-02-02T03:01:50.4339745Z Failed to start site. Revert by stopping site.
2026-02-02T03:01:50.4762962Z Site: trader-api-express stopped.
2026-02-02T03:05:49.5858911Z Container start method called.
2026-02-02T03:05:49.5860756Z Establishing network.
2026-02-02T03:05:49.5861993Z Pulling image: appsvc/node:20-lts_20260115.4.tuxprod.
2026-02-02T03:05:49.9760615Z Container is starting.
2026-02-02T03:05:49.9885542Z Establishing user namespace if not established already.
2026-02-02T03:05:49.9955023Z Establishing network if not established already.
2026-02-02T03:05:49.9958029Z Mounting volumes.
2026-02-02T03:05:49.9980340Z Nested mountpoint 
2026-02-02T03:05:50.0391519Z Nested mountpoint volatile/logs
2026-02-02T03:05:50.0861717Z Nested mountpoint 
2026-02-02T03:05:50.0955262Z Nested mountpoint 
2026-02-02T03:05:50.1154360Z Nested mountpoint 
2026-02-02T03:05:50.5679045Z Creating container.
2026-02-02T03:05:50.5680313Z Creating pipes for streaming container io.
2026-02-02T03:05:50.5681654Z Creating stdout named pipe at /podr/container/pipe/47ffb547e3fd_trader-api-express/stdout_ca595bfbfa5045a4ae2dfd7f9516efc9.
2026-02-02T03:05:50.5685802Z Successfully created stdout named pipe at: /podr/container/pipe/47ffb547e3fd_trader-api-express/stdout_ca595bfbfa5045a4ae2dfd7f9516efc9.
2026-02-02T03:05:50.5689910Z Opening named pipe /podr/container/pipe/47ffb547e3fd_trader-api-express/stdout_ca595bfbfa5045a4ae2dfd7f9516efc9 for reading in non-blocking mode.
2026-02-02T03:05:50.5755149Z Successfully opened named pipe: /podr/container/pipe/47ffb547e3fd_trader-api-express/stdout_ca595bfbfa5045a4ae2dfd7f9516efc9.
2026-02-02T03:05:50.5757418Z Successfully removed non-blocking flag from /podr/container/pipe/47ffb547e3fd_trader-api-express/stdout_ca595bfbfa5045a4ae2dfd7f9516efc9.
2026-02-02T03:05:50.5766369Z Creating stderr named pipe at /podr/container/pipe/47ffb547e3fd_trader-api-express/stderr_7c3ecf770da6447797dc8864cba37af5.
2026-02-02T03:05:50.5775274Z Successfully created stderr named pipe at: /podr/container/pipe/47ffb547e3fd_trader-api-express/stderr_7c3ecf770da6447797dc8864cba37af5.
2026-02-02T03:05:50.5780227Z Opening named pipe /podr/container/pipe/47ffb547e3fd_trader-api-express/stderr_7c3ecf770da6447797dc8864cba37af5 for reading in non-blocking mode.
2026-02-02T03:05:50.5782485Z Successfully opened named pipe: /podr/container/pipe/47ffb547e3fd_trader-api-express/stderr_7c3ecf770da6447797dc8864cba37af5.
2026-02-02T03:05:50.5786898Z Successfully removed non-blocking flag from /podr/container/pipe/47ffb547e3fd_trader-api-express/stderr_7c3ecf770da6447797dc8864cba37af5.
2026-02-02T03:05:50.5803677Z Creating container with image: appsvc/node:20-lts_20260115.4.tuxprod from registry: 10.1.0.6:13209 and fully qualified image name: 10.1.0.6:13209/appsvc/node:20-lts_20260115.4.tuxprod
2026-02-02T03:05:51.2910124Z Starting container: 47ffb547e3fd_trader-api-express.
2026-02-02T03:05:51.4165794Z Starting watchers and probes.
2026-02-02T03:05:51.4168700Z Starting metrics collection.
2026-02-02T03:05:51.4170320Z Container is running.
2026-02-02T03:05:51.6107827Z Container start method finished after 2024 ms.
2026-02-02T03:06:23.5671471Z Container has finished running with exit code: 1.
2026-02-02T03:06:23.5689440Z Container is terminating. Grace period: 5 seconds.
2026-02-02T03:06:23.5776642Z Stop and delete container. Retry count = 0
2026-02-02T03:06:23.5789176Z Stopping container: 47ffb547e3fd_trader-api-express.
2026-02-02T03:06:23.7254998Z Deleting container: 47ffb547e3fd_trader-api-express. Retry count = 0
2026-02-02T03:06:23.9527431Z Container spec TerminationMessagePolicy  path 
2026-02-02T03:06:23.9541616Z Container is terminated. Total time elapsed: 384 ms.
2026-02-02T03:06:23.9549543Z Site container: trader-api-express terminated during site startup.
2026-02-02T03:06:24.0457037Z Site startup probe failed after 32.4261545 seconds.
2026-02-02T03:06:24.3497658Z Failed to start site. Revert by stopping site.
2026-02-02T03:06:24.3609527Z Site: trader-api-express stopped.
2026-02-02T03:06:25.0648059Z Site: trader-api-express will be blocked for 1 minutes till 02/02/2026 03:07:25
2026-02-02T03:07:25.0635126Z Site: trader-api-express is unblocked.
2026-02-02T03:31:42.7473910Z Container start method called.
2026-02-02T03:31:42.7477560Z Establishing network.
2026-02-02T03:31:42.7479155Z Pulling image: appsvc/node:20-lts_20260115.4.tuxprod.
2026-02-02T03:31:43.0906081Z Container is starting.
2026-02-02T03:31:43.1001588Z Establishing user namespace if not established already.
2026-02-02T03:31:43.1103879Z Establishing network if not established already.
2026-02-02T03:31:43.1175071Z Mounting volumes.
2026-02-02T03:31:43.1183121Z Nested mountpoint 
2026-02-02T03:31:43.1384259Z Nested mountpoint volatile/logs
2026-02-02T03:31:43.1872479Z Nested mountpoint 
2026-02-02T03:31:43.3143952Z Nested mountpoint 
2026-02-02T03:31:43.3918166Z Nested mountpoint 
2026-02-02T03:31:43.7661725Z Creating container.
2026-02-02T03:31:43.7664452Z Creating pipes for streaming container io.
2026-02-02T03:31:43.7667070Z Creating stdout named pipe at /podr/container/pipe/8eeec19bde7a_trader-api-express/stdout_b39ecb9bc5f9477782d23f6361bc9e71.
2026-02-02T03:31:43.7677468Z Successfully created stdout named pipe at: /podr/container/pipe/8eeec19bde7a_trader-api-express/stdout_b39ecb9bc5f9477782d23f6361bc9e71.
2026-02-02T03:31:43.7679331Z Opening named pipe /podr/container/pipe/8eeec19bde7a_trader-api-express/stdout_b39ecb9bc5f9477782d23f6361bc9e71 for reading in non-blocking mode.
2026-02-02T03:31:43.7682442Z Successfully opened named pipe: /podr/container/pipe/8eeec19bde7a_trader-api-express/stdout_b39ecb9bc5f9477782d23f6361bc9e71.
2026-02-02T03:31:43.7684590Z Successfully removed non-blocking flag from /podr/container/pipe/8eeec19bde7a_trader-api-express/stdout_b39ecb9bc5f9477782d23f6361bc9e71.
2026-02-02T03:31:43.7686002Z Creating stderr named pipe at /podr/container/pipe/8eeec19bde7a_trader-api-express/stderr_05f04becccd046449b2ffc39e4a07502.
2026-02-02T03:31:43.7687753Z Successfully created stderr named pipe at: /podr/container/pipe/8eeec19bde7a_trader-api-express/stderr_05f04becccd046449b2ffc39e4a07502.
2026-02-02T03:31:43.7691687Z Opening named pipe /podr/container/pipe/8eeec19bde7a_trader-api-express/stderr_05f04becccd046449b2ffc39e4a07502 for reading in non-blocking mode.
2026-02-02T03:31:43.7693784Z Successfully opened named pipe: /podr/container/pipe/8eeec19bde7a_trader-api-express/stderr_05f04becccd046449b2ffc39e4a07502.
2026-02-02T03:31:43.7695286Z Successfully removed non-blocking flag from /podr/container/pipe/8eeec19bde7a_trader-api-express/stderr_05f04becccd046449b2ffc39e4a07502.
2026-02-02T03:31:43.7696850Z Creating container with image: appsvc/node:20-lts_20260115.4.tuxprod from registry: 10.1.0.6:13209 and fully qualified image name: 10.1.0.6:13209/appsvc/node:20-lts_20260115.4.tuxprod
2026-02-02T03:31:44.6224379Z Starting container: 8eeec19bde7a_trader-api-express.
2026-02-02T03:31:44.7480996Z Starting watchers and probes.
2026-02-02T03:31:44.7671378Z Starting metrics collection.
2026-02-02T03:31:44.7688342Z Container is running.
2026-02-02T03:31:45.8939779Z Container start method finished after 3146 ms.
