2026-02-02T00:03:50.0218674Z,Updating submodules.,8c420f17-2620-4b8c-9159-161a71cbdae3,0
2026-02-02T00:03:51.1112653Z,Preparing deployment for commit id '605b6724-8'.,0e182df3-5acc-4324-97bd-a5413044877a,0
2026-02-02T00:03:51.3532877Z,PreDeployment: context.CleanOutputPath False,3256f8dc-d0d0-430f-a912-80f82662bb2b,0
2026-02-02T00:03:51.4591431Z,PreDeployment: context.OutputPath /home/site/wwwroot,6f5bc79f-71d4-4985-9434-90e4de85cacf,0
2026-02-02T00:03:51.5754033Z,Running build. Project type: OneDeploy,a6a2f884-6cd7-4905-922c-9ab52420429a,0
2026-02-02T00:03:51.6928632Z,Copying the manifest,b93b0d4f-3b51-41d6-9bb8-bb51427ca9f4,0
2026-02-02T00:03:51.8454641Z,Running deployment command...,73351206-9db1-46e9-82f2-d2ff612f8cf6,0
	2026-02-02T00:03:51.8506382Z,Command: /opt/Kudu/Scripts/parallel_rsync.sh /tmp/zipdeploy/extracted /home/site/wwwroot 8 /tmp/ False False  ,,0
	2026-02-02T00:03:51.8893707Z,Run rsync from: /tmp/zipdeploy/extracted/ to: /home/site/wwwroot/ in 8 parallel threads,,0
	2026-02-02T00:03:51.8986652Z,Delete options: clean=False&comma; use manifest=False&comma; directory to ignore=,,0
	2026-02-02T00:03:51.9055987Z,Prev manifest = /opt/Kudu/Scripts/firstDeploymentManifest and next /home/site/deployments/605b6724-8ce5-4d92-91cb-dd2e2df9d5fe/manifest,,0
	2026-02-02T00:03:51.9191666Z,Cleaning up /tmp//filelist.txt and /tmp//splits,,0
	2026-02-02T00:03:51.9361401Z,Creating a list of all files at /tmp//filelist.txt,,0
	2026-02-02T00:03:51.9686728Z,No directory to exclude.,,0
	2026-02-02T00:03:52.2156664Z,Created /tmp//filelist.txt. Total number of files to be synced = 101.,,0
	2026-02-02T00:03:52.2783467Z,Created batches from the list of files. Processing 13 files in each thread,,0
	2026-02-02T00:03:52.3030514Z,Running rsync for filelist /tmp//splits/split.aa from /tmp/zipdeploy/extracted/ to /home/site/wwwroot/,,0
	2026-02-02T00:03:52.3477733Z,Running rsync for filelist /tmp//splits/split.ab from /tmp/zipdeploy/extracted/ to /home/site/wwwroot/,,0
	2026-02-02T00:03:52.3544331Z,Running rsync for filelist /tmp//splits/split.ac from /tmp/zipdeploy/extracted/ to /home/site/wwwroot/,,0
	2026-02-02T00:03:52.3597543Z,Running rsync for filelist /tmp//splits/split.ae from /tmp/zipdeploy/extracted/ to /home/site/wwwroot/,,0
	2026-02-02T00:03:52.3831286Z,Running rsync for filelist /tmp//splits/split.ad from /tmp/zipdeploy/extracted/ to /home/site/wwwroot/,,0
	2026-02-02T00:03:52.4105730Z,Running rsync for filelist /tmp//splits/split.af from /tmp/zipdeploy/extracted/ to /home/site/wwwroot/,,0
	2026-02-02T00:03:52.4411060Z,Running rsync for filelist /tmp//splits/split.ah from /tmp/zipdeploy/extracted/ to /home/site/wwwroot/,,0
	2026-02-02T00:03:52.4860043Z,Running rsync for filelist /tmp//splits/split.ag from /tmp/zipdeploy/extracted/ to /home/site/wwwroot/,,0
	2026-02-02T00:03:52.9414875Z,,,0
	2026-02-02T00:03:52.9683214Z,Number of files: 14 (reg: 10&comma; dir: 4),,0
	2026-02-02T00:03:52.9730018Z,Number of created files: 12 (reg: 10&comma; dir: 2),,0
	2026-02-02T00:03:52.9772033Z,Number of deleted files: 0,,0
	2026-02-02T00:03:52.9992364Z,Number of regular files transferred: 10,,0
	2026-02-02T00:03:53.0060701Z,Total file size: 650.11K bytes,,0
	2026-02-02T00:03:53.0375932Z,Total transferred file size: 650.11K bytes,,0
	2026-02-02T00:03:53.0648079Z,Literal data: 650.11K bytes,,0
	2026-02-02T00:03:53.0720704Z,Matched data: 0 bytes,,0
	2026-02-02T00:03:53.1085326Z,File list size: 0,,0
	2026-02-02T00:03:53.1143444Z,File list generation time: 0.001 seconds,,0
	2026-02-02T00:03:53.1338849Z,File list transfer time: 0.000 seconds,,0
	2026-02-02T00:03:53.1752667Z,Total bytes sent: 174.58K,,0
	2026-02-02T00:03:53.2099223Z,Total bytes received: 218,,0
	2026-02-02T00:03:53.2511971Z,,,0
	2026-02-02T00:03:53.2760535Z,sent 174.58K bytes  received 218 bytes  116.53K bytes/sec,,0
	2026-02-02T00:03:53.2986551Z,total size is 650.11K  speedup is 3.72,,0
	2026-02-02T00:03:53.3061919Z,Attempt 1: Rsync for filelist /tmp//splits/split.ah completed with exit code 0,,0
	2026-02-02T00:03:53.3118339Z,,,0
	2026-02-02T00:03:53.3178450Z,Number of files: 15 (reg: 13&comma; dir: 2),,0
	2026-02-02T00:03:53.3258860Z,Number of created files: 13 (reg: 13),,0
	2026-02-02T00:03:53.3459562Z,Number of deleted files: 0,,0
	2026-02-02T00:03:53.3552929Z,Number of regular files transferred: 13,,0
	2026-02-02T00:03:53.3900678Z,Total file size: 54.25K bytes,,0
	2026-02-02T00:03:53.3960644Z,Total transferred file size: 54.25K bytes,,0
	2026-02-02T00:03:53.4207710Z,Literal data: 54.25K bytes,,0
	2026-02-02T00:03:53.4248278Z,Matched data: 0 bytes,,0
	2026-02-02T00:03:53.4291180Z,File list size: 0,,0
	2026-02-02T00:03:53.4348645Z,File list generation time: 0.001 seconds,,0
	2026-02-02T00:03:53.4391491Z,File list transfer time: 0.000 seconds,,0
	2026-02-02T00:03:53.4431446Z,Total bytes sent: 14.61K,,0
	2026-02-02T00:03:53.4473058Z,Total bytes received: 269,,0
	2026-02-02T00:03:53.4513969Z,,,0
	2026-02-02T00:03:53.4555701Z,sent 14.61K bytes  received 269 bytes  5.95K bytes/sec,,0
	2026-02-02T00:03:53.4598778Z,total size is 54.25K  speedup is 3.65,,0
	2026-02-02T00:03:53.4645852Z,Attempt 1: Rsync for filelist /tmp//splits/split.ae completed with exit code 0,,0
	2026-02-02T00:03:53.4731096Z,,,0
	2026-02-02T00:03:53.4859707Z,Number of files: 15 (reg: 13&comma; dir: 2),,0
	2026-02-02T00:03:53.5022058Z,Number of created files: 14 (reg: 13&comma; dir: 1),,0
	2026-02-02T00:03:53.5135055Z,Number of deleted files: 0,,0
	2026-02-02T00:03:53.5376667Z,Number of regular files transferred: 13,,0
	2026-02-02T00:03:53.5449116Z,Total file size: 55.77K bytes,,0
	2026-02-02T00:03:53.5522378Z,Total transferred file size: 55.77K bytes,,0
	2026-02-02T00:03:53.5623847Z,Literal data: 55.77K bytes,,0
	2026-02-02T00:03:53.5670745Z,Matched data: 0 bytes,,0
	2026-02-02T00:03:53.5723904Z,File list size: 0,,0
	2026-02-02T00:03:53.5786493Z,File list generation time: 0.001 seconds,,0
	2026-02-02T00:03:53.5877153Z,File list transfer time: 0.000 seconds,,0
	2026-02-02T00:03:53.5976525Z,Total bytes sent: 15.54K,,0
	2026-02-02T00:03:53.6027393Z,Total bytes received: 269,,0
	2026-02-02T00:03:53.6146427Z,,,0
	2026-02-02T00:03:53.6202769Z,sent 15.54K bytes  received 269 bytes  6.32K bytes/sec,,0
	2026-02-02T00:03:53.6269187Z,total size is 55.77K  speedup is 3.53,,0
	2026-02-02T00:03:53.6348607Z,Attempt 1: Rsync for filelist /tmp//splits/split.ad completed with exit code 0,,0
	2026-02-02T00:03:53.6416252Z,,,0
	2026-02-02T00:03:53.6458676Z,Number of files: 16 (reg: 13&comma; dir: 3),,0
	2026-02-02T00:03:53.6551267Z,Number of created files: 13 (reg: 13),,0
	2026-02-02T00:03:53.6614422Z,Number of deleted files: 0,,0
	2026-02-02T00:03:53.6666181Z,Number of regular files transferred: 13,,0
	2026-02-02T00:03:53.6752424Z,Total file size: 86.79K bytes,,0
	2026-02-02T00:03:53.6804348Z,Total transferred file size: 86.79K bytes,,0
	2026-02-02T00:03:53.6868124Z,Literal data: 86.79K bytes,,0
	2026-02-02T00:03:53.7035897Z,Matched data: 0 bytes,,0
	2026-02-02T00:03:53.7308999Z,File list size: 0,,0
	2026-02-02T00:03:53.7535545Z,File list generation time: 0.001 seconds,,0
	2026-02-02T00:03:53.8024859Z,File list transfer time: 0.000 seconds,,0
	2026-02-02T00:03:53.8209111Z,Total bytes sent: 13.32K,,0
	2026-02-02T00:03:53.8274561Z,Total bytes received: 272,,0
	2026-02-02T00:03:53.8351296Z,,,0
	2026-02-02T00:03:53.8436029Z,sent 13.32K bytes  received 272 bytes  5.44K bytes/sec,,0
	2026-02-02T00:03:53.8510038Z,total size is 86.79K  speedup is 6.39,,0
	2026-02-02T00:03:53.8584830Z,Attempt 1: Rsync for filelist /tmp//splits/split.ac completed with exit code 0,,0
	2026-02-02T00:03:53.8676331Z,,,0
	2026-02-02T00:03:53.8730565Z,Number of files: 18 (reg: 13&comma; dir: 5),,0
	2026-02-02T00:03:53.8863898Z,Number of created files: 17 (reg: 13&comma; dir: 4),,0
	2026-02-02T00:03:53.9496051Z,Number of deleted files: 0,,0
	2026-02-02T00:03:53.9564254Z,Number of regular files transferred: 13,,0
	2026-02-02T00:03:53.9642553Z,Total file size: 53.73K bytes,,0
	2026-02-02T00:03:53.9691094Z,Total transferred file size: 53.73K bytes,,0
	2026-02-02T00:03:53.9889618Z,Literal data: 53.73K bytes,,0
	2026-02-02T00:03:53.9957872Z,Matched data: 0 bytes,,0
	2026-02-02T00:03:54.0022119Z,File list size: 0,,0
	2026-02-02T00:03:54.0068028Z,File list generation time: 0.001 seconds,,0
	2026-02-02T00:03:54.0140534Z,File list transfer time: 0.000 seconds,,0
	2026-02-02T00:03:54.0202229Z,Total bytes sent: 13.20K,,0
	2026-02-02T00:03:54.0266072Z,Total bytes received: 275,,0
	2026-02-02T00:03:54.0341565Z,,,0
	2026-02-02T00:03:54.0528870Z,sent 13.20K bytes  received 275 bytes  5.39K bytes/sec,,0
	2026-02-02T00:03:54.0655073Z,total size is 53.73K  speedup is 3.99,,0
	2026-02-02T00:03:54.0706606Z,Attempt 1: Rsync for filelist /tmp//splits/split.aa completed with exit code 0,,0
	2026-02-02T00:03:54.0874599Z,,,0
	2026-02-02T00:03:54.0922043Z,Number of files: 15 (reg: 13&comma; dir: 2),,0
	2026-02-02T00:03:54.0991006Z,Number of created files: 14 (reg: 13&comma; dir: 1),,0
	2026-02-02T00:03:54.1064990Z,Number of deleted files: 0,,0
	2026-02-02T00:03:54.1126355Z,Number of regular files transferred: 13,,0
	2026-02-02T00:03:54.1248284Z,Total file size: 30.75K bytes,,0
	2026-02-02T00:03:54.1298596Z,Total transferred file size: 30.75K bytes,,0
	2026-02-02T00:03:54.1455110Z,Literal data: 30.75K bytes,,0
	2026-02-02T00:03:54.1587801Z,Matched data: 0 bytes,,0
	2026-02-02T00:03:54.1702023Z,File list size: 0,,0
	2026-02-02T00:03:54.2266209Z,File list generation time: 0.002 seconds,,0
	2026-02-02T00:03:54.2443447Z,File list transfer time: 0.000 seconds,,0
	2026-02-02T00:03:54.2603098Z,Total bytes sent: 9.65K,,0
	2026-02-02T00:03:54.2705723Z,Total bytes received: 269,,0
	2026-02-02T00:03:54.2804543Z,,,0
	2026-02-02T00:03:54.2852293Z,sent 9.65K bytes  received 269 bytes  3.97K bytes/sec,,0
	2026-02-02T00:03:54.2910464Z,total size is 30.75K  speedup is 3.10,,0
	2026-02-02T00:03:54.3010990Z,Attempt 1: Rsync for filelist /tmp//splits/split.af completed with exit code 0,,0
	2026-02-02T00:03:54.3102397Z,,,0
	2026-02-02T00:03:54.3141936Z,Number of files: 16 (reg: 13&comma; dir: 3),,0
	2026-02-02T00:03:54.3225128Z,Number of created files: 14 (reg: 13&comma; dir: 1),,0
	2026-02-02T00:03:54.3309011Z,Number of deleted files: 0,,0
	2026-02-02T00:03:54.3387865Z,Number of regular files transferred: 13,,0
	2026-02-02T00:03:54.3459837Z,Total file size: 25.80K bytes,,0
	2026-02-02T00:03:54.3539480Z,Total transferred file size: 25.80K bytes,,0
	2026-02-02T00:03:54.3622464Z,Literal data: 25.80K bytes,,0
	2026-02-02T00:03:54.3738687Z,Matched data: 0 bytes,,0
	2026-02-02T00:03:54.3780253Z,File list size: 0,,0
	2026-02-02T00:03:54.3824957Z,File list generation time: 0.003 seconds,,0
	2026-02-02T00:03:54.3910306Z,File list transfer time: 0.000 seconds,,0
	2026-02-02T00:03:54.4027350Z,Total bytes sent: 6.92K,,0
	2026-02-02T00:03:54.4105022Z,Total bytes received: 272,,0
	2026-02-02T00:03:54.4183785Z,,,0
	2026-02-02T00:03:54.4228978Z,sent 6.92K bytes  received 272 bytes  2.88K bytes/sec,,0
	2026-02-02T00:03:54.4303260Z,total size is 25.80K  speedup is 3.59,,0
	2026-02-02T00:03:54.4378538Z,Attempt 1: Rsync for filelist /tmp//splits/split.ab completed with exit code 0,,0
	2026-02-02T00:03:54.4442042Z,,,0
	2026-02-02T00:03:54.4507370Z,Number of files: 17 (reg: 13&comma; dir: 4),,0
	2026-02-02T00:03:54.4553280Z,Number of created files: 15 (reg: 13&comma; dir: 2),,0
	2026-02-02T00:03:54.4594780Z,Number of deleted files: 0,,0
	2026-02-02T00:03:54.4635656Z,Number of regular files transferred: 13,,0
	2026-02-02T00:03:54.4715445Z,Total file size: 24.69K bytes,,0
	2026-02-02T00:03:54.4772518Z,Total transferred file size: 24.69K bytes,,0
	2026-02-02T00:03:54.4863935Z,Literal data: 24.69K bytes,,0
	2026-02-02T00:03:54.5071554Z,Matched data: 0 bytes,,0
	2026-02-02T00:03:54.5424319Z,File list size: 0,,0
	2026-02-02T00:03:54.5533032Z,File list generation time: 0.001 seconds,,0
	2026-02-02T00:03:54.5678861Z,File list transfer time: 0.000 seconds,,0
	2026-02-02T00:03:54.5773886Z,Total bytes sent: 8.25K,,0
	2026-02-02T00:03:54.5860380Z,Total bytes received: 275,,0
	2026-02-02T00:03:54.6012748Z,,,0
	2026-02-02T00:03:54.6122897Z,sent 8.25K bytes  received 275 bytes  3.41K bytes/sec,,0
	2026-02-02T00:03:54.6215765Z,total size is 24.69K  speedup is 2.90,,0
	2026-02-02T00:03:54.6289002Z,Attempt 1: Rsync for filelist /tmp//splits/split.ag completed with exit code 0,,0
	2026-02-02T00:03:54.6375081Z,Completed successfully in 2 seconds,,0
2026-02-02T00:03:54.7562629Z,Build completed succesfully.,124ef395-1aa6-46c0-8db4-1c2975b85ab7,0
2026-02-02T00:03:54.8573082Z,Running post deployment command(s)...,965497b5-22b7-456c-93ef-0634c68404ac,0
2026-02-02T00:03:54.9766233Z,Triggering container recycle for OneDeploy by adding/updating restartTrigger.txt to the site root path,7b008773-28f5-4796-aef1-61fc6ffa2880,0
2026-02-02T00:03:55.1385770Z,Deployment successful. deployer = OneDeploy deploymentPath = OneDeploy,104a5fee-a0d3-4910-8ea1-2e6f30c69110,0
